[info] [API] Request for entity/actions: {
	"action": "entity/actions",
	"params": {
		"clickedPath": "D:/Projekty/src/app/ui/employee-list/employee-list.component-module.ts",
		"position": 338
	},
	"context": {
		"workspace": {
			"rootPath": "D:/Projekty"
		},
		"userContext": {
			"id": "u2TqzNHZRY",
			"correlationId": "2dqKT5zn6G",
			"clickedPath": "D:/Projekty/src/app/ui/employee-list/employee-list.component-module.ts",
			"logEnvId": "development"
		}
	},
	"level": "info",
	"message": "[API] Request for entity/actions"
}
[info] [CLI] Calling Query entity/actions: {
	"funcParams": {
		"clickedPath": "D:/Projekty/src/app/ui/employee-list/employee-list.component-module.ts",
		"position": 338
	},
	"level": "info",
	"message": "[CLI] Calling Query entity/actions"
}
[error] [API]: Error Entity not found for suffix: component-module: {
	"loggerData": {
		"action": "entity/actions",
		"params": {
			"clickedPath": "D:/Projekty/src/app/ui/employee-list/employee-list.component-module.ts",
			"position": 338
		},
		"context": {
			"workspace": {
				"rootPath": "D:/Projekty"
			},
			"userContext": {
				"id": "u2TqzNHZRY",
				"correlationId": "2dqKT5zn6G",
				"clickedPath": "D:/Projekty/src/app/ui/employee-list/employee-list.component-module.ts",
				"logEnvId": "development"
			}
		}
	},
	"error": {},
	"stack": "Error: Entity not found for suffix: component-module\n    at getEntityActions (C:\\Users\\ushel\\AppData\\Roaming\\JetBrains\\WebStorm2022.2\\plugins\\LowgularJPlugin\\cli\\main.js:6597:15)\n    at async callQueryCli (C:\\Users\\ushel\\AppData\\Roaming\\JetBrains\\WebStorm2022.2\\plugins\\LowgularJPlugin\\cli\\main.js:8540:20)\n    at async callHandler (C:\\Users\\ushel\\AppData\\Roaming\\JetBrains\\WebStorm2022.2\\plugins\\LowgularJPlugin\\cli\\main.js:16691:27)",
	"level": "error",
	"message": "[API]: Error Entity not found for suffix: component-module"
}
[info] [API] Request for entity/actions: {
	"action": "entity/actions",
	"params": {
		"clickedPath": "D:/Projekty/src/app/ui/employee-list/employee-list.component-module.ts",
		"position": 318
	},
	"context": {
		"workspace": {
			"rootPath": "D:/Projekty"
		},
		"userContext": {
			"id": "u2TqzNHZRY",
			"correlationId": "bZEbN7CuPS",
			"clickedPath": "D:/Projekty/src/app/ui/employee-list/employee-list.component-module.ts",
			"logEnvId": "development"
		}
	},
	"level": "info",
	"message": "[API] Request for entity/actions"
}
[info] [CLI] Calling Query entity/actions: {
	"funcParams": {
		"clickedPath": "D:/Projekty/src/app/ui/employee-list/employee-list.component-module.ts",
		"position": 318
	},
	"level": "info",
	"message": "[CLI] Calling Query entity/actions"
}
[error] [API]: Error Entity not found for suffix: component-module: {
	"loggerData": {
		"action": "entity/actions",
		"params": {
			"clickedPath": "D:/Projekty/src/app/ui/employee-list/employee-list.component-module.ts",
			"position": 318
		},
		"context": {
			"workspace": {
				"rootPath": "D:/Projekty"
			},
			"userContext": {
				"id": "u2TqzNHZRY",
				"correlationId": "bZEbN7CuPS",
				"clickedPath": "D:/Projekty/src/app/ui/employee-list/employee-list.component-module.ts",
				"logEnvId": "development"
			}
		}
	},
	"error": {},
	"stack": "Error: Entity not found for suffix: component-module\n    at getEntityActions (C:\\Users\\ushel\\AppData\\Roaming\\JetBrains\\WebStorm2022.2\\plugins\\LowgularJPlugin\\cli\\main.js:6597:15)\n    at async callQueryCli (C:\\Users\\ushel\\AppData\\Roaming\\JetBrains\\WebStorm2022.2\\plugins\\LowgularJPlugin\\cli\\main.js:8540:20)\n    at async callHandler (C:\\Users\\ushel\\AppData\\Roaming\\JetBrains\\WebStorm2022.2\\plugins\\LowgularJPlugin\\cli\\main.js:16691:27)",
	"level": "error",
	"message": "[API]: Error Entity not found for suffix: component-module"
}
[info] [API] Request for entity/actions: {
	"action": "entity/actions",
	"params": {
		"clickedPath": "D:/Projekty/src/app/ui/employee-list/employee-list.component.ts",
		"position": 506
	},
	"context": {
		"workspace": {
			"rootPath": "D:/Projekty"
		},
		"userContext": {
			"id": "u2TqzNHZRY",
			"correlationId": "iCNKWK9KFg",
			"clickedPath": "D:/Projekty/src/app/ui/employee-list/employee-list.component.ts",
			"logEnvId": "development"
		}
	},
	"level": "info",
	"message": "[API] Request for entity/actions"
}
[info] [CLI] Calling Query entity/actions: {
	"funcParams": {
		"clickedPath": "D:/Projekty/src/app/ui/employee-list/employee-list.component.ts",
		"position": 506
	},
	"level": "info",
	"message": "[CLI] Calling Query entity/actions"
}
[info] [CLI] Called Query entity/actions: {
	"result": {
		"context": {
			"parentClass": "EmployeeListComponent"
		},
		"children": [
			{
				"label": "Properties",
				"children": [
					{
						"label": "data$",
						"children": [
							{
								"actionId": "RXJS_CALL_EXPRESSIONS_MAP",
								"label": "Map Property",
								"callPath": [
									"data$"
								]
							},
							{
								"actionId": "RXJS_CALL_EXPRESSIONS_TAP",
								"label": "Property Side Effect",
								"callPath": [
									"data$"
								]
							}
						]
					},
					{
						"actionId": "ADD_FORM",
						"label": "Create Form Property",
						"callPath": []
					},
					{
						"actionId": "RXJS_PROPERTY_CREATE",
						"label": "Create Data Property",
						"callPath": []
					},
					{
						"actionId": "RXJS_PROPERTY_SUBJECT_CREATE",
						"label": "Create Subject Property",
						"callPath": []
					}
				]
			},
			{
				"label": "Inject",
				"actionId": "INJECT",
				"callPath": []
			},
			{
				"label": "Methods",
				"children": [
					{
						"actionId": "METHOD_CREATE",
						"label": "Create New Method",
						"callPath": []
					}
				]
			},
			{
				"label": "Add Component to Route",
				"actionId": "ADD_TO_ROUTE",
				"callPath": []
			}
		]
	},
	"level": "info",
	"message": "[CLI] Called Query entity/actions"
}
[info] [API] Response ok: entity/actions: {
	"result": {
		"context": {
			"parentClass": "EmployeeListComponent"
		},
		"children": [
			{
				"label": "Properties",
				"children": [
					{
						"label": "data$",
						"children": [
							{
								"actionId": "RXJS_CALL_EXPRESSIONS_MAP",
								"label": "Map Property",
								"callPath": [
									"data$"
								]
							},
							{
								"actionId": "RXJS_CALL_EXPRESSIONS_TAP",
								"label": "Property Side Effect",
								"callPath": [
									"data$"
								]
							}
						]
					},
					{
						"actionId": "ADD_FORM",
						"label": "Create Form Property",
						"callPath": []
					},
					{
						"actionId": "RXJS_PROPERTY_CREATE",
						"label": "Create Data Property",
						"callPath": []
					},
					{
						"actionId": "RXJS_PROPERTY_SUBJECT_CREATE",
						"label": "Create Subject Property",
						"callPath": []
					}
				]
			},
			{
				"label": "Inject",
				"actionId": "INJECT",
				"callPath": []
			},
			{
				"label": "Methods",
				"children": [
					{
						"actionId": "METHOD_CREATE",
						"label": "Create New Method",
						"callPath": []
					}
				]
			},
			{
				"label": "Add Component to Route",
				"actionId": "ADD_TO_ROUTE",
				"callPath": []
			}
		]
	},
	"level": "info",
	"message": "[API] Response ok: entity/actions"
}
[info] [API] Request for entity/actions: {
	"action": "entity/actions",
	"params": {
		"clickedPath": "D:/Projekty/src/app/ui/employee-list/employee-list.component.ts",
		"position": 486
	},
	"context": {
		"workspace": {
			"rootPath": "D:/Projekty"
		},
		"userContext": {
			"id": "u2TqzNHZRY",
			"correlationId": "RLAum3MD1h",
			"clickedPath": "D:/Projekty/src/app/ui/employee-list/employee-list.component.ts",
			"logEnvId": "development"
		}
	},
	"level": "info",
	"message": "[API] Request for entity/actions"
}
[info] [CLI] Calling Query entity/actions: {
	"funcParams": {
		"clickedPath": "D:/Projekty/src/app/ui/employee-list/employee-list.component.ts",
		"position": 486
	},
	"level": "info",
	"message": "[CLI] Calling Query entity/actions"
}
[info] [CLI] Called Query entity/actions: {
	"result": {
		"context": {
			"parentClass": "EmployeeListComponent"
		},
		"children": [
			{
				"label": "Properties",
				"children": [
					{
						"label": "data$",
						"children": [
							{
								"actionId": "RXJS_CALL_EXPRESSIONS_MAP",
								"label": "Map Property",
								"callPath": [
									"data$"
								]
							},
							{
								"actionId": "RXJS_CALL_EXPRESSIONS_TAP",
								"label": "Property Side Effect",
								"callPath": [
									"data$"
								]
							}
						]
					},
					{
						"actionId": "ADD_FORM",
						"label": "Create Form Property",
						"callPath": []
					},
					{
						"actionId": "RXJS_PROPERTY_CREATE",
						"label": "Create Data Property",
						"callPath": []
					},
					{
						"actionId": "RXJS_PROPERTY_SUBJECT_CREATE",
						"label": "Create Subject Property",
						"callPath": []
					}
				]
			},
			{
				"label": "Inject",
				"actionId": "INJECT",
				"callPath": []
			},
			{
				"label": "Methods",
				"children": [
					{
						"actionId": "METHOD_CREATE",
						"label": "Create New Method",
						"callPath": []
					}
				]
			},
			{
				"label": "Add Component to Route",
				"actionId": "ADD_TO_ROUTE",
				"callPath": []
			}
		]
	},
	"level": "info",
	"message": "[CLI] Called Query entity/actions"
}
[info] [API] Response ok: entity/actions: {
	"result": {
		"context": {
			"parentClass": "EmployeeListComponent"
		},
		"children": [
			{
				"label": "Properties",
				"children": [
					{
						"label": "data$",
						"children": [
							{
								"actionId": "RXJS_CALL_EXPRESSIONS_MAP",
								"label": "Map Property",
								"callPath": [
									"data$"
								]
							},
							{
								"actionId": "RXJS_CALL_EXPRESSIONS_TAP",
								"label": "Property Side Effect",
								"callPath": [
									"data$"
								]
							}
						]
					},
					{
						"actionId": "ADD_FORM",
						"label": "Create Form Property",
						"callPath": []
					},
					{
						"actionId": "RXJS_PROPERTY_CREATE",
						"label": "Create Data Property",
						"callPath": []
					},
					{
						"actionId": "RXJS_PROPERTY_SUBJECT_CREATE",
						"label": "Create Subject Property",
						"callPath": []
					}
				]
			},
			{
				"label": "Inject",
				"actionId": "INJECT",
				"callPath": []
			},
			{
				"label": "Methods",
				"children": [
					{
						"actionId": "METHOD_CREATE",
						"label": "Create New Method",
						"callPath": []
					}
				]
			},
			{
				"label": "Add Component to Route",
				"actionId": "ADD_TO_ROUTE",
				"callPath": []
			}
		]
	},
	"level": "info",
	"message": "[API] Response ok: entity/actions"
}
[info] [API] Request for injectable/list: {
	"action": "injectable/list",
	"params": {
		"entityFilePath": "D:/Projekty/src/app/ui/employee-list/employee-list.component.ts"
	},
	"context": {
		"workspace": {
			"rootPath": "D:/Projekty"
		},
		"userContext": {
			"id": "u2TqzNHZRY",
			"correlationId": "iCNKWK9KFg",
			"clickedPath": "D:/Projekty/src/app/ui/employee-list/employee-list.component.ts",
			"logEnvId": "development"
		}
	},
	"level": "info",
	"message": "[API] Request for injectable/list"
}
[info] [CLI] Calling Query injectable/list: {
	"funcParams": {
		"entityFilePath": "D:/Projekty/src/app/ui/employee-list/employee-list.component.ts"
	},
	"level": "info",
	"message": "[CLI] Calling Query injectable/list"
}
[info] [CLI] Called Query injectable/list: {
	"result": [
		{
			"id": "httpClient",
			"dataType": "External",
			"name": "HttpClient",
			"relatedTypes": {}
		},
		{
			"id": "activatedRoute",
			"dataType": "External",
			"name": "ActivatedRoute",
			"relatedTypes": {}
		}
	],
	"level": "info",
	"message": "[CLI] Called Query injectable/list"
}
[info] [API] Response ok: injectable/list: {
	"result": [
		{
			"id": "httpClient",
			"dataType": "External",
			"name": "HttpClient",
			"relatedTypes": {}
		},
		{
			"id": "activatedRoute",
			"dataType": "External",
			"name": "ActivatedRoute",
			"relatedTypes": {}
		}
	],
	"level": "info",
	"message": "[API] Response ok: injectable/list"
}
[info] [API] Request for entity/actions: {
	"action": "entity/actions",
	"params": {
		"clickedPath": "D:/Projekty/src/app/ui/employee-list/employee-list.component.ts",
		"position": 516
	},
	"context": {
		"workspace": {
			"rootPath": "D:/Projekty"
		},
		"userContext": {
			"id": "u2TqzNHZRY",
			"correlationId": "RS_dVOB7g_",
			"clickedPath": "D:/Projekty/src/app/ui/employee-list/employee-list.component.ts",
			"logEnvId": "development"
		}
	},
	"level": "info",
	"message": "[API] Request for entity/actions"
}
[info] [CLI] Calling Query entity/actions: {
	"funcParams": {
		"clickedPath": "D:/Projekty/src/app/ui/employee-list/employee-list.component.ts",
		"position": 516
	},
	"level": "info",
	"message": "[CLI] Calling Query entity/actions"
}
[info] [CLI] Called Query entity/actions: {
	"result": {
		"context": {
			"parentClass": "EmployeeListComponent"
		},
		"children": [
			{
				"label": "Properties",
				"children": [
					{
						"label": "data$",
						"children": [
							{
								"actionId": "RXJS_CALL_EXPRESSIONS_MAP",
								"label": "Map Property",
								"callPath": [
									"data$"
								]
							},
							{
								"actionId": "RXJS_CALL_EXPRESSIONS_TAP",
								"label": "Property Side Effect",
								"callPath": [
									"data$"
								]
							}
						]
					},
					{
						"actionId": "ADD_FORM",
						"label": "Create Form Property",
						"callPath": []
					},
					{
						"actionId": "RXJS_PROPERTY_CREATE",
						"label": "Create Data Property",
						"callPath": []
					},
					{
						"actionId": "RXJS_PROPERTY_SUBJECT_CREATE",
						"label": "Create Subject Property",
						"callPath": []
					}
				]
			},
			{
				"label": "Inject",
				"actionId": "INJECT",
				"callPath": []
			},
			{
				"label": "Methods",
				"children": [
					{
						"actionId": "METHOD_CREATE",
						"label": "Create New Method",
						"callPath": []
					}
				]
			},
			{
				"label": "Add Component to Route",
				"actionId": "ADD_TO_ROUTE",
				"callPath": []
			}
		]
	},
	"level": "info",
	"message": "[CLI] Called Query entity/actions"
}
[info] [API] Response ok: entity/actions: {
	"result": {
		"context": {
			"parentClass": "EmployeeListComponent"
		},
		"children": [
			{
				"label": "Properties",
				"children": [
					{
						"label": "data$",
						"children": [
							{
								"actionId": "RXJS_CALL_EXPRESSIONS_MAP",
								"label": "Map Property",
								"callPath": [
									"data$"
								]
							},
							{
								"actionId": "RXJS_CALL_EXPRESSIONS_TAP",
								"label": "Property Side Effect",
								"callPath": [
									"data$"
								]
							}
						]
					},
					{
						"actionId": "ADD_FORM",
						"label": "Create Form Property",
						"callPath": []
					},
					{
						"actionId": "RXJS_PROPERTY_CREATE",
						"label": "Create Data Property",
						"callPath": []
					},
					{
						"actionId": "RXJS_PROPERTY_SUBJECT_CREATE",
						"label": "Create Subject Property",
						"callPath": []
					}
				]
			},
			{
				"label": "Inject",
				"actionId": "INJECT",
				"callPath": []
			},
			{
				"label": "Methods",
				"children": [
					{
						"actionId": "METHOD_CREATE",
						"label": "Create New Method",
						"callPath": []
					}
				]
			},
			{
				"label": "Add Component to Route",
				"actionId": "ADD_TO_ROUTE",
				"callPath": []
			}
		]
	},
	"level": "info",
	"message": "[API] Response ok: entity/actions"
}
[info] [API] Request for injectable/list: {
	"action": "injectable/list",
	"params": {
		"entityFilePath": "D:/Projekty/src/app/ui/employee-list/employee-list.component.ts"
	},
	"context": {
		"workspace": {
			"rootPath": "D:/Projekty"
		},
		"userContext": {
			"id": "u2TqzNHZRY",
			"correlationId": "RS_dVOB7g_",
			"clickedPath": "D:/Projekty/src/app/ui/employee-list/employee-list.component.ts",
			"logEnvId": "development"
		}
	},
	"level": "info",
	"message": "[API] Request for injectable/list"
}
[info] [CLI] Calling Query injectable/list: {
	"funcParams": {
		"entityFilePath": "D:/Projekty/src/app/ui/employee-list/employee-list.component.ts"
	},
	"level": "info",
	"message": "[CLI] Calling Query injectable/list"
}
[info] [CLI] Called Query injectable/list: {
	"result": [
		{
			"id": "httpClient",
			"dataType": "External",
			"name": "HttpClient",
			"relatedTypes": {}
		},
		{
			"id": "activatedRoute",
			"dataType": "External",
			"name": "ActivatedRoute",
			"relatedTypes": {}
		}
	],
	"level": "info",
	"message": "[CLI] Called Query injectable/list"
}
[info] [API] Response ok: injectable/list: {
	"result": [
		{
			"id": "httpClient",
			"dataType": "External",
			"name": "HttpClient",
			"relatedTypes": {}
		},
		{
			"id": "activatedRoute",
			"dataType": "External",
			"name": "ActivatedRoute",
			"relatedTypes": {}
		}
	],
	"level": "info",
	"message": "[API] Response ok: injectable/list"
}
[info] [API] Request for flow/create-entity: {
	"action": "flow/create-entity",
	"params": {},
	"context": {
		"workspace": {
			"rootPath": "D:/Projekty"
		},
		"userContext": {
			"id": "u2TqzNHZRY",
			"correlationId": "ITD9KP2442",
			"clickedPath": "D:/Projekty/src/app",
			"logEnvId": "development"
		}
	},
	"level": "info",
	"message": "[API] Request for flow/create-entity"
}
[info] [CLI] Calling Query flow/create-entity: {
	"funcParams": {},
	"level": "info",
	"message": "[CLI] Calling Query flow/create-entity"
}
[info] [CLI] Called Query flow/create-entity: {
	"result": {
		"context": {
			"project": {
				"name": "lowgular-course-entry",
				"workspaceRoot": "D:/Projekty",
				"root": "",
				"sourceRoot": "src",
				"prefix": "app",
				"codePathFromWorkspaceRoot": "src/app",
				"absoluteCodePath": "D:/Projekty/src/app",
				"absoluteRootPath": "D:/Projekty",
				"rootRoutingFilePath": "D:/Projekty/src/app/app-routing.module.ts",
				"type": "App"
			}
		},
		"steps": [
			{
				"contextId": "entity",
				"title": "What do you want to create?",
				"type": "multi-option",
				"options": {
					"App": [
						{
							"id": "component",
							"suffix": "Component",
							"folder": "ui/$name$",
							"type": "ANGULAR_COMPONENT",
							"insideOf": "App",
							"config": {
								"stylesExtension": "none",
								"viewEncapsulation": "Emulated",
								"selector": "generated",
								"changeDetectionStrategy": "OnPush"
							}
						},
						{
							"id": "dataService",
							"suffix": "Service",
							"folder": "services",
							"type": "ANGULAR_SERVICE",
							"insideOf": "App"
						},
						{
							"id": "model",
							"suffix": "Model",
							"folder": "model",
							"type": "DATA_STRUCTURE",
							"insideOf": "App"
						},
						{
							"id": "response",
							"suffix": "Response",
							"folder": "services",
							"type": "DATA_STRUCTURE",
							"insideOf": "App"
						}
					],
					"Lib": []
				},
				"param": "project.type",
				"property": "id"
			},
			{
				"contextId": "name",
				"title": "What is the $entity.id$ name?",
				"subtitle": "e.g. user",
				"type": "text-input"
			},
			{
				"conditions": [
					{
						"left": "entity.type",
						"operator": "eq",
						"right": "DATA_STRUCTURE"
					},
					{
						"left": "entity.type",
						"operator": "eq",
						"right": "OBJECT"
					}
				],
				"contextId": "properties",
				"title": "What are the $entity.id$ properties?",
				"subtitle": "Optional: Can be empty... or use csv format e.g. id:number,text:string",
				"type": "multi-input"
			}
		],
		"request": {
			"scope": "entity.type",
			"config": {
				"LIBRARY": {
					"url": "library/create",
					"payload": {
						"name": "name.value"
					}
				},
				"OBJECT": {
					"url": "object/create",
					"payload": {
						"name": "name.value",
						"properties": "properties",
						"entityId": "entity.id"
					}
				},
				"DATA_STRUCTURE": {
					"url": "data-structure/create",
					"payload": {
						"name": "name.value",
						"properties": "properties",
						"entityId": "entity.id"
					}
				},
				"ANGULAR_COMPONENT": {
					"url": "angular-component/create",
					"payload": {
						"name": "name.value",
						"entityId": "entity.id"
					}
				},
				"ANGULAR_DIRECTIVE": {
					"url": "angular-directive/create",
					"payload": {
						"name": "name.value",
						"entityId": "entity.id"
					}
				},
				"ANGULAR_GUARD": {
					"url": "angular-guard/create",
					"payload": {
						"name": "name.value",
						"entityId": "entity.id"
					}
				},
				"ANGULAR_RESOLVER": {
					"url": "angular-resolver/create",
					"payload": {
						"name": "name.value",
						"entityId": "entity.id"
					}
				},
				"ANGULAR_SERVICE": {
					"url": "angular-service/create",
					"payload": {
						"name": "name.value",
						"entityId": "entity.id"
					}
				},
				"ABSTRACTION": {
					"url": "abstraction/create",
					"payload": {
						"name": "name.value",
						"entityId": "entity.id"
					}
				}
			}
		}
	},
	"level": "info",
	"message": "[CLI] Called Query flow/create-entity"
}
[info] [API] Response ok: flow/create-entity: {
	"result": {
		"context": {
			"project": {
				"name": "lowgular-course-entry",
				"workspaceRoot": "D:/Projekty",
				"root": "",
				"sourceRoot": "src",
				"prefix": "app",
				"codePathFromWorkspaceRoot": "src/app",
				"absoluteCodePath": "D:/Projekty/src/app",
				"absoluteRootPath": "D:/Projekty",
				"rootRoutingFilePath": "D:/Projekty/src/app/app-routing.module.ts",
				"type": "App"
			}
		},
		"steps": [
			{
				"contextId": "entity",
				"title": "What do you want to create?",
				"type": "multi-option",
				"options": {
					"App": [
						{
							"id": "component",
							"suffix": "Component",
							"folder": "ui/$name$",
							"type": "ANGULAR_COMPONENT",
							"insideOf": "App",
							"config": {
								"stylesExtension": "none",
								"viewEncapsulation": "Emulated",
								"selector": "generated",
								"changeDetectionStrategy": "OnPush"
							}
						},
						{
							"id": "dataService",
							"suffix": "Service",
							"folder": "services",
							"type": "ANGULAR_SERVICE",
							"insideOf": "App"
						},
						{
							"id": "model",
							"suffix": "Model",
							"folder": "model",
							"type": "DATA_STRUCTURE",
							"insideOf": "App"
						},
						{
							"id": "response",
							"suffix": "Response",
							"folder": "services",
							"type": "DATA_STRUCTURE",
							"insideOf": "App"
						}
					],
					"Lib": []
				},
				"param": "project.type",
				"property": "id"
			},
			{
				"contextId": "name",
				"title": "What is the $entity.id$ name?",
				"subtitle": "e.g. user",
				"type": "text-input"
			},
			{
				"conditions": [
					{
						"left": "entity.type",
						"operator": "eq",
						"right": "DATA_STRUCTURE"
					},
					{
						"left": "entity.type",
						"operator": "eq",
						"right": "OBJECT"
					}
				],
				"contextId": "properties",
				"title": "What are the $entity.id$ properties?",
				"subtitle": "Optional: Can be empty... or use csv format e.g. id:number,text:string",
				"type": "multi-input"
			}
		],
		"request": {
			"scope": "entity.type",
			"config": {
				"LIBRARY": {
					"url": "library/create",
					"payload": {
						"name": "name.value"
					}
				},
				"OBJECT": {
					"url": "object/create",
					"payload": {
						"name": "name.value",
						"properties": "properties",
						"entityId": "entity.id"
					}
				},
				"DATA_STRUCTURE": {
					"url": "data-structure/create",
					"payload": {
						"name": "name.value",
						"properties": "properties",
						"entityId": "entity.id"
					}
				},
				"ANGULAR_COMPONENT": {
					"url": "angular-component/create",
					"payload": {
						"name": "name.value",
						"entityId": "entity.id"
					}
				},
				"ANGULAR_DIRECTIVE": {
					"url": "angular-directive/create",
					"payload": {
						"name": "name.value",
						"entityId": "entity.id"
					}
				},
				"ANGULAR_GUARD": {
					"url": "angular-guard/create",
					"payload": {
						"name": "name.value",
						"entityId": "entity.id"
					}
				},
				"ANGULAR_RESOLVER": {
					"url": "angular-resolver/create",
					"payload": {
						"name": "name.value",
						"entityId": "entity.id"
					}
				},
				"ANGULAR_SERVICE": {
					"url": "angular-service/create",
					"payload": {
						"name": "name.value",
						"entityId": "entity.id"
					}
				},
				"ABSTRACTION": {
					"url": "abstraction/create",
					"payload": {
						"name": "name.value",
						"entityId": "entity.id"
					}
				}
			}
		}
	},
	"level": "info",
	"message": "[API] Response ok: flow/create-entity"
}
[info] [API] Request for flow/create-entity: {
	"action": "flow/create-entity",
	"params": {},
	"context": {
		"workspace": {
			"rootPath": "D:/Projekty"
		},
		"userContext": {
			"id": "u2TqzNHZRY",
			"correlationId": "l96LmFKRyR",
			"clickedPath": "D:/Projekty/src/app",
			"logEnvId": "development"
		}
	},
	"level": "info",
	"message": "[API] Request for flow/create-entity"
}
[info] [CLI] Calling Query flow/create-entity: {
	"funcParams": {},
	"level": "info",
	"message": "[CLI] Calling Query flow/create-entity"
}
[info] [CLI] Called Query flow/create-entity: {
	"result": {
		"context": {
			"project": {
				"name": "lowgular-course-entry",
				"workspaceRoot": "D:/Projekty",
				"root": "",
				"sourceRoot": "src",
				"prefix": "app",
				"codePathFromWorkspaceRoot": "src/app",
				"absoluteCodePath": "D:/Projekty/src/app",
				"absoluteRootPath": "D:/Projekty",
				"rootRoutingFilePath": "D:/Projekty/src/app/app-routing.module.ts",
				"type": "App"
			}
		},
		"steps": [
			{
				"contextId": "entity",
				"title": "What do you want to create?",
				"type": "multi-option",
				"options": {
					"App": [
						{
							"id": "component",
							"suffix": "Component",
							"folder": "ui/$name$",
							"type": "ANGULAR_COMPONENT",
							"insideOf": "App",
							"config": {
								"stylesExtension": "none",
								"viewEncapsulation": "Emulated",
								"selector": "generated",
								"changeDetectionStrategy": "OnPush"
							}
						},
						{
							"id": "dataService",
							"suffix": "Service",
							"folder": "services",
							"type": "ANGULAR_SERVICE",
							"insideOf": "App"
						},
						{
							"id": "model",
							"suffix": "Model",
							"folder": "model",
							"type": "DATA_STRUCTURE",
							"insideOf": "App"
						},
						{
							"id": "response",
							"suffix": "Response",
							"folder": "services",
							"type": "DATA_STRUCTURE",
							"insideOf": "App"
						}
					],
					"Lib": []
				},
				"param": "project.type",
				"property": "id"
			},
			{
				"contextId": "name",
				"title": "What is the $entity.id$ name?",
				"subtitle": "e.g. user",
				"type": "text-input"
			},
			{
				"conditions": [
					{
						"left": "entity.type",
						"operator": "eq",
						"right": "DATA_STRUCTURE"
					},
					{
						"left": "entity.type",
						"operator": "eq",
						"right": "OBJECT"
					}
				],
				"contextId": "properties",
				"title": "What are the $entity.id$ properties?",
				"subtitle": "Optional: Can be empty... or use csv format e.g. id:number,text:string",
				"type": "multi-input"
			}
		],
		"request": {
			"scope": "entity.type",
			"config": {
				"LIBRARY": {
					"url": "library/create",
					"payload": {
						"name": "name.value"
					}
				},
				"OBJECT": {
					"url": "object/create",
					"payload": {
						"name": "name.value",
						"properties": "properties",
						"entityId": "entity.id"
					}
				},
				"DATA_STRUCTURE": {
					"url": "data-structure/create",
					"payload": {
						"name": "name.value",
						"properties": "properties",
						"entityId": "entity.id"
					}
				},
				"ANGULAR_COMPONENT": {
					"url": "angular-component/create",
					"payload": {
						"name": "name.value",
						"entityId": "entity.id"
					}
				},
				"ANGULAR_DIRECTIVE": {
					"url": "angular-directive/create",
					"payload": {
						"name": "name.value",
						"entityId": "entity.id"
					}
				},
				"ANGULAR_GUARD": {
					"url": "angular-guard/create",
					"payload": {
						"name": "name.value",
						"entityId": "entity.id"
					}
				},
				"ANGULAR_RESOLVER": {
					"url": "angular-resolver/create",
					"payload": {
						"name": "name.value",
						"entityId": "entity.id"
					}
				},
				"ANGULAR_SERVICE": {
					"url": "angular-service/create",
					"payload": {
						"name": "name.value",
						"entityId": "entity.id"
					}
				},
				"ABSTRACTION": {
					"url": "abstraction/create",
					"payload": {
						"name": "name.value",
						"entityId": "entity.id"
					}
				}
			}
		}
	},
	"level": "info",
	"message": "[CLI] Called Query flow/create-entity"
}
[info] [API] Response ok: flow/create-entity: {
	"result": {
		"context": {
			"project": {
				"name": "lowgular-course-entry",
				"workspaceRoot": "D:/Projekty",
				"root": "",
				"sourceRoot": "src",
				"prefix": "app",
				"codePathFromWorkspaceRoot": "src/app",
				"absoluteCodePath": "D:/Projekty/src/app",
				"absoluteRootPath": "D:/Projekty",
				"rootRoutingFilePath": "D:/Projekty/src/app/app-routing.module.ts",
				"type": "App"
			}
		},
		"steps": [
			{
				"contextId": "entity",
				"title": "What do you want to create?",
				"type": "multi-option",
				"options": {
					"App": [
						{
							"id": "component",
							"suffix": "Component",
							"folder": "ui/$name$",
							"type": "ANGULAR_COMPONENT",
							"insideOf": "App",
							"config": {
								"stylesExtension": "none",
								"viewEncapsulation": "Emulated",
								"selector": "generated",
								"changeDetectionStrategy": "OnPush"
							}
						},
						{
							"id": "dataService",
							"suffix": "Service",
							"folder": "services",
							"type": "ANGULAR_SERVICE",
							"insideOf": "App"
						},
						{
							"id": "model",
							"suffix": "Model",
							"folder": "model",
							"type": "DATA_STRUCTURE",
							"insideOf": "App"
						},
						{
							"id": "response",
							"suffix": "Response",
							"folder": "services",
							"type": "DATA_STRUCTURE",
							"insideOf": "App"
						}
					],
					"Lib": []
				},
				"param": "project.type",
				"property": "id"
			},
			{
				"contextId": "name",
				"title": "What is the $entity.id$ name?",
				"subtitle": "e.g. user",
				"type": "text-input"
			},
			{
				"conditions": [
					{
						"left": "entity.type",
						"operator": "eq",
						"right": "DATA_STRUCTURE"
					},
					{
						"left": "entity.type",
						"operator": "eq",
						"right": "OBJECT"
					}
				],
				"contextId": "properties",
				"title": "What are the $entity.id$ properties?",
				"subtitle": "Optional: Can be empty... or use csv format e.g. id:number,text:string",
				"type": "multi-input"
			}
		],
		"request": {
			"scope": "entity.type",
			"config": {
				"LIBRARY": {
					"url": "library/create",
					"payload": {
						"name": "name.value"
					}
				},
				"OBJECT": {
					"url": "object/create",
					"payload": {
						"name": "name.value",
						"properties": "properties",
						"entityId": "entity.id"
					}
				},
				"DATA_STRUCTURE": {
					"url": "data-structure/create",
					"payload": {
						"name": "name.value",
						"properties": "properties",
						"entityId": "entity.id"
					}
				},
				"ANGULAR_COMPONENT": {
					"url": "angular-component/create",
					"payload": {
						"name": "name.value",
						"entityId": "entity.id"
					}
				},
				"ANGULAR_DIRECTIVE": {
					"url": "angular-directive/create",
					"payload": {
						"name": "name.value",
						"entityId": "entity.id"
					}
				},
				"ANGULAR_GUARD": {
					"url": "angular-guard/create",
					"payload": {
						"name": "name.value",
						"entityId": "entity.id"
					}
				},
				"ANGULAR_RESOLVER": {
					"url": "angular-resolver/create",
					"payload": {
						"name": "name.value",
						"entityId": "entity.id"
					}
				},
				"ANGULAR_SERVICE": {
					"url": "angular-service/create",
					"payload": {
						"name": "name.value",
						"entityId": "entity.id"
					}
				},
				"ABSTRACTION": {
					"url": "abstraction/create",
					"payload": {
						"name": "name.value",
						"entityId": "entity.id"
					}
				}
			}
		}
	},
	"level": "info",
	"message": "[API] Response ok: flow/create-entity"
}
[info] [API] Request for angular-component/create: {
	"action": "angular-component/create",
	"params": {
		"name": "employees-faces",
		"entityId": "component"
	},
	"context": {
		"workspace": {
			"rootPath": "D:/Projekty"
		},
		"userContext": {
			"id": "u2TqzNHZRY",
			"correlationId": "l96LmFKRyR",
			"clickedPath": "D:/Projekty/src/app",
			"logEnvId": "development"
		}
	},
	"level": "info",
	"message": "[API] Request for angular-component/create"
}
[info] [CLI] Calling Command angular-component/create: {
	"funcParams": {
		"name": "employees-faces",
		"entityId": "component"
	},
	"level": "info",
	"message": "[CLI] Calling Command angular-component/create"
}
[info] [CommandBus]: Dispatching command COMPONENT_CREATE_SMART_COMPONENT: {
	"commandName": "COMPONENT_CREATE_SMART_COMPONENT",
	"payload": {
		"name": "employees-faces",
		"prefix": "app",
		"suffix": "Component",
		"absoluteFolderPath": "D:/Projekty/src/app/ui/employees-faces",
		"config": {
			"stylesExtension": "none",
			"viewEncapsulation": "Emulated",
			"selector": "generated",
			"changeDetectionStrategy": "OnPush"
		}
	},
	"level": "info",
	"message": "[CommandBus]: Dispatching command COMPONENT_CREATE_SMART_COMPONENT"
}
[warn] [TsMorphFileAdapter]: File Not Found, creating...: {
	"filePath": "D:/Projekty/src/app/ui/employees-faces/employees-faces.component.html",
	"level": "warn",
	"message": "[TsMorphFileAdapter]: File Not Found, creating..."
}
[info] [EventBus]: Broadcasting event COMPONENT_SMART_COMPONENT_CREATED: {
	"type": "COMPONENT_SMART_COMPONENT_CREATED",
	"payload": {
		"createdFile": "D:/Projekty/src/app/ui/employees-faces/employees-faces.component.ts"
	},
	"level": "info",
	"message": "[EventBus]: Broadcasting event COMPONENT_SMART_COMPONENT_CREATED"
}
[info] [CommandBus]: Dispatching command CREATE_COMPONENT_MODULE: {
	"commandName": "CREATE_COMPONENT_MODULE",
	"payload": {
		"moduleFilePath": "D:/Projekty/src/app/ui/employees-faces/employees-faces.component-module.ts"
	},
	"level": "info",
	"message": "[CommandBus]: Dispatching command CREATE_COMPONENT_MODULE"
}
[info] [EventBus]: Broadcasted COMPONENT_SMART_COMPONENT_CREATED: {
	"event": {
		"createdFile": "D:/Projekty/src/app/ui/employees-faces/employees-faces.component.ts"
	},
	"level": "info",
	"message": "[EventBus]: Broadcasted COMPONENT_SMART_COMPONENT_CREATED"
}
[info] [EventBus]: Broadcasting event MODULE_MODULE_CREATED: {
	"type": "MODULE_MODULE_CREATED",
	"payload": {
		"moduleFile": "D:/Projekty/src/app/ui/employees-faces/employees-faces.component-module.ts"
	},
	"level": "info",
	"message": "[EventBus]: Broadcasting event MODULE_MODULE_CREATED"
}
[info] [EventBus]: Broadcasted MODULE_MODULE_CREATED: {
	"event": {
		"moduleFile": "D:/Projekty/src/app/ui/employees-faces/employees-faces.component-module.ts"
	},
	"level": "info",
	"message": "[EventBus]: Broadcasted MODULE_MODULE_CREATED"
}
[info] [CommandBus]: Handled  CREATE_COMPONENT_MODULE: {
	"commandName": "CREATE_COMPONENT_MODULE",
	"payload": {
		"moduleFilePath": "D:/Projekty/src/app/ui/employees-faces/employees-faces.component-module.ts"
	},
	"level": "info",
	"message": "[CommandBus]: Handled  CREATE_COMPONENT_MODULE"
}
[info] [CommandBus]: Handled  COMPONENT_CREATE_SMART_COMPONENT: {
	"commandName": "COMPONENT_CREATE_SMART_COMPONENT",
	"payload": {
		"name": "employees-faces",
		"prefix": "app",
		"suffix": "Component",
		"absoluteFolderPath": "D:/Projekty/src/app/ui/employees-faces",
		"config": {
			"stylesExtension": "none",
			"viewEncapsulation": "Emulated",
			"selector": "generated",
			"changeDetectionStrategy": "OnPush"
		}
	},
	"level": "info",
	"message": "[CommandBus]: Handled  COMPONENT_CREATE_SMART_COMPONENT"
}
[info] [CLI] Called Command angular-component/create: {
	"message": "[CLI] Called Command angular-component/create",
	"level": "info"
}
[info] [API] Response ok: angular-component/create: {
	"result": {
		"filePath": "D:/Projekty/src/app/ui/employees-faces/employees-faces.component.ts"
	},
	"level": "info",
	"message": "[API] Response ok: angular-component/create"
}
[info] [API] Request for entity/actions: {
	"action": "entity/actions",
	"params": {
		"clickedPath": "D:/Projekty/src/app/ui/employees-faces/employees-faces.component.ts",
		"position": 425
	},
	"context": {
		"workspace": {
			"rootPath": "D:/Projekty"
		},
		"userContext": {
			"id": "u2TqzNHZRY",
			"correlationId": "zebbG3XEkS",
			"clickedPath": "D:/Projekty/src/app/ui/employees-faces/employees-faces.component.ts",
			"logEnvId": "development"
		}
	},
	"level": "info",
	"message": "[API] Request for entity/actions"
}
[info] [CLI] Calling Query entity/actions: {
	"funcParams": {
		"clickedPath": "D:/Projekty/src/app/ui/employees-faces/employees-faces.component.ts",
		"position": 425
	},
	"level": "info",
	"message": "[CLI] Calling Query entity/actions"
}
[info] [CLI] Called Query entity/actions: {
	"result": {
		"context": {},
		"children": [
			{
				"label": "Properties",
				"children": [
					{
						"actionId": "ADD_FORM",
						"label": "Create Form Property",
						"callPath": []
					},
					{
						"actionId": "RXJS_PROPERTY_CREATE",
						"label": "Create Data Property",
						"callPath": []
					},
					{
						"actionId": "RXJS_PROPERTY_SUBJECT_CREATE",
						"label": "Create Subject Property",
						"callPath": []
					}
				]
			},
			{
				"label": "Inject",
				"actionId": "INJECT",
				"callPath": []
			},
			{
				"label": "Methods",
				"children": [
					{
						"actionId": "METHOD_CREATE",
						"label": "Create New Method",
						"callPath": []
					}
				]
			},
			{
				"label": "Add Component to Route",
				"actionId": "ADD_TO_ROUTE",
				"callPath": []
			}
		]
	},
	"level": "info",
	"message": "[CLI] Called Query entity/actions"
}
[info] [API] Response ok: entity/actions: {
	"result": {
		"context": {},
		"children": [
			{
				"label": "Properties",
				"children": [
					{
						"actionId": "ADD_FORM",
						"label": "Create Form Property",
						"callPath": []
					},
					{
						"actionId": "RXJS_PROPERTY_CREATE",
						"label": "Create Data Property",
						"callPath": []
					},
					{
						"actionId": "RXJS_PROPERTY_SUBJECT_CREATE",
						"label": "Create Subject Property",
						"callPath": []
					}
				]
			},
			{
				"label": "Inject",
				"actionId": "INJECT",
				"callPath": []
			},
			{
				"label": "Methods",
				"children": [
					{
						"actionId": "METHOD_CREATE",
						"label": "Create New Method",
						"callPath": []
					}
				]
			},
			{
				"label": "Add Component to Route",
				"actionId": "ADD_TO_ROUTE",
				"callPath": []
			}
		]
	},
	"level": "info",
	"message": "[API] Response ok: entity/actions"
}
[info] [API] Request for injectable/list: {
	"action": "injectable/list",
	"params": {
		"entityFilePath": "D:/Projekty/src/app/ui/employees-faces/employees-faces.component.ts"
	},
	"context": {
		"workspace": {
			"rootPath": "D:/Projekty"
		},
		"userContext": {
			"id": "u2TqzNHZRY",
			"correlationId": "zebbG3XEkS",
			"clickedPath": "D:/Projekty/src/app/ui/employees-faces/employees-faces.component.ts",
			"logEnvId": "development"
		}
	},
	"level": "info",
	"message": "[API] Request for injectable/list"
}
[info] [CLI] Calling Query injectable/list: {
	"funcParams": {
		"entityFilePath": "D:/Projekty/src/app/ui/employees-faces/employees-faces.component.ts"
	},
	"level": "info",
	"message": "[CLI] Calling Query injectable/list"
}
[info] [CLI] Called Query injectable/list: {
	"result": [
		{
			"id": "httpClient",
			"dataType": "External",
			"name": "HttpClient",
			"relatedTypes": {}
		},
		{
			"id": "activatedRoute",
			"dataType": "External",
			"name": "ActivatedRoute",
			"relatedTypes": {}
		}
	],
	"level": "info",
	"message": "[CLI] Called Query injectable/list"
}
[info] [API] Response ok: injectable/list: {
	"result": [
		{
			"id": "httpClient",
			"dataType": "External",
			"name": "HttpClient",
			"relatedTypes": {}
		},
		{
			"id": "activatedRoute",
			"dataType": "External",
			"name": "ActivatedRoute",
			"relatedTypes": {}
		}
	],
	"level": "info",
	"message": "[API] Response ok: injectable/list"
}
[info] [API] Request for injectable/inject-external: {
	"action": "injectable/inject-external",
	"params": {
		"entityFilePath": "D:/Projekty/src/app/ui/employees-faces/employees-faces.component.ts",
		"externalId": "httpClient"
	},
	"context": {
		"workspace": {
			"rootPath": "D:/Projekty"
		},
		"userContext": {
			"id": "u2TqzNHZRY",
			"correlationId": "zebbG3XEkS",
			"clickedPath": "D:/Projekty/src/app/ui/employees-faces/employees-faces.component.ts",
			"logEnvId": "development"
		}
	},
	"level": "info",
	"message": "[API] Request for injectable/inject-external"
}
[info] [CLI] Calling Command injectable/inject-external: {
	"funcParams": {
		"entityFilePath": "D:/Projekty/src/app/ui/employees-faces/employees-faces.component.ts",
		"externalId": "httpClient"
	},
	"level": "info",
	"message": "[CLI] Calling Command injectable/inject-external"
}
[error] [API]: Error Expected to find a type node.: {
	"loggerData": {
		"action": "injectable/inject-external",
		"params": {
			"entityFilePath": "D:/Projekty/src/app/ui/employees-faces/employees-faces.component.ts",
			"externalId": "httpClient"
		},
		"context": {
			"workspace": {
				"rootPath": "D:/Projekty"
			},
			"userContext": {
				"id": "u2TqzNHZRY",
				"correlationId": "zebbG3XEkS",
				"clickedPath": "D:/Projekty/src/app/ui/employees-faces/employees-faces.component.ts",
				"logEnvId": "development"
			}
		}
	},
	"error": {},
	"stack": "Error: Expected to find a type node.\n    at Object.throwIfNullOrUndefined (C:\\Users\\ushel\\AppData\\Roaming\\JetBrains\\WebStorm2022.2\\plugins\\LowgularJPlugin\\cli\\node_modules\\@ts-morph\\common\\dist\\ts-morph-common.js:473:19)\n    at ParameterDeclaration.getTypeNodeOrThrow (C:\\Users\\ushel\\AppData\\Roaming\\JetBrains\\WebStorm2022.2\\plugins\\LowgularJPlugin\\cli\\node_modules\\ts-morph\\dist\\ts-morph.js:10058:34)\n    at C:\\Users\\ushel\\AppData\\Roaming\\JetBrains\\WebStorm2022.2\\plugins\\LowgularJPlugin\\cli\\main.js:9791:18\n    at Array.map (<anonymous>)\n    at makeConstructor (C:\\Users\\ushel\\AppData\\Roaming\\JetBrains\\WebStorm2022.2\\plugins\\LowgularJPlugin\\cli\\main.js:9789:60)\n    at injectExternalDependencyCommandHandler (C:\\Users\\ushel\\AppData\\Roaming\\JetBrains\\WebStorm2022.2\\plugins\\LowgularJPlugin\\cli\\main.js:11138:59)\n    at async dispatchCommand (C:\\Users\\ushel\\AppData\\Roaming\\JetBrains\\WebStorm2022.2\\plugins\\LowgularJPlugin\\cli\\main.js:8488:26)\n    at async callCommandCli (C:\\Users\\ushel\\AppData\\Roaming\\JetBrains\\WebStorm2022.2\\plugins\\LowgularJPlugin\\cli\\main.js:8532:20)\n    at async callHandler (C:\\Users\\ushel\\AppData\\Roaming\\JetBrains\\WebStorm2022.2\\plugins\\LowgularJPlugin\\cli\\main.js:16678:27)",
	"level": "error",
	"message": "[API]: Error Expected to find a type node."
}
[info] [API] Request for entity/actions: {
	"action": "entity/actions",
	"params": {
		"clickedPath": "D:/Projekty/src/app/ui/employees-faces/employees-faces.component.ts",
		"position": 429
	},
	"context": {
		"workspace": {
			"rootPath": "D:/Projekty"
		},
		"userContext": {
			"id": "u2TqzNHZRY",
			"correlationId": "6LCFLG6HfV",
			"clickedPath": "D:/Projekty/src/app/ui/employees-faces/employees-faces.component.ts",
			"logEnvId": "development"
		}
	},
	"level": "info",
	"message": "[API] Request for entity/actions"
}
[info] [CLI] Calling Query entity/actions: {
	"funcParams": {
		"clickedPath": "D:/Projekty/src/app/ui/employees-faces/employees-faces.component.ts",
		"position": 429
	},
	"level": "info",
	"message": "[CLI] Calling Query entity/actions"
}
[info] [CLI] Called Query entity/actions: {
	"result": {
		"context": {},
		"children": [
			{
				"label": "Properties",
				"children": [
					{
						"actionId": "ADD_FORM",
						"label": "Create Form Property",
						"callPath": []
					},
					{
						"actionId": "RXJS_PROPERTY_CREATE",
						"label": "Create Data Property",
						"callPath": []
					},
					{
						"actionId": "RXJS_PROPERTY_SUBJECT_CREATE",
						"label": "Create Subject Property",
						"callPath": []
					}
				]
			},
			{
				"label": "Inject",
				"actionId": "INJECT",
				"callPath": []
			},
			{
				"label": "Methods",
				"children": [
					{
						"actionId": "METHOD_CREATE",
						"label": "Create New Method",
						"callPath": []
					}
				]
			},
			{
				"label": "Add Component to Route",
				"actionId": "ADD_TO_ROUTE",
				"callPath": []
			}
		]
	},
	"level": "info",
	"message": "[CLI] Called Query entity/actions"
}
[info] [API] Response ok: entity/actions: {
	"result": {
		"context": {},
		"children": [
			{
				"label": "Properties",
				"children": [
					{
						"actionId": "ADD_FORM",
						"label": "Create Form Property",
						"callPath": []
					},
					{
						"actionId": "RXJS_PROPERTY_CREATE",
						"label": "Create Data Property",
						"callPath": []
					},
					{
						"actionId": "RXJS_PROPERTY_SUBJECT_CREATE",
						"label": "Create Subject Property",
						"callPath": []
					}
				]
			},
			{
				"label": "Inject",
				"actionId": "INJECT",
				"callPath": []
			},
			{
				"label": "Methods",
				"children": [
					{
						"actionId": "METHOD_CREATE",
						"label": "Create New Method",
						"callPath": []
					}
				]
			},
			{
				"label": "Add Component to Route",
				"actionId": "ADD_TO_ROUTE",
				"callPath": []
			}
		]
	},
	"level": "info",
	"message": "[API] Response ok: entity/actions"
}
[info] [API] Request for entity/actions: {
	"action": "entity/actions",
	"params": {
		"clickedPath": "D:/Projekty/src/app/ui/employees-faces/employees-faces.component.ts",
		"position": 529
	},
	"context": {
		"workspace": {
			"rootPath": "D:/Projekty"
		},
		"userContext": {
			"id": "u2TqzNHZRY",
			"correlationId": "zDVl_lQo8c",
			"clickedPath": "D:/Projekty/src/app/ui/employees-faces/employees-faces.component.ts",
			"logEnvId": "development"
		}
	},
	"level": "info",
	"message": "[API] Request for entity/actions"
}
[info] [CLI] Calling Query entity/actions: {
	"funcParams": {
		"clickedPath": "D:/Projekty/src/app/ui/employees-faces/employees-faces.component.ts",
		"position": 529
	},
	"level": "info",
	"message": "[CLI] Calling Query entity/actions"
}
[info] [CLI] Called Query entity/actions: {
	"result": {
		"context": {},
		"children": [
			{
				"label": "Properties",
				"children": [
					{
						"actionId": "ADD_FORM",
						"label": "Create Form Property",
						"callPath": []
					},
					{
						"actionId": "RXJS_PROPERTY_CREATE",
						"label": "Create Data Property",
						"callPath": []
					},
					{
						"actionId": "RXJS_PROPERTY_SUBJECT_CREATE",
						"label": "Create Subject Property",
						"callPath": []
					}
				]
			},
			{
				"label": "Inject",
				"actionId": "INJECT",
				"callPath": []
			},
			{
				"label": "Methods",
				"children": [
					{
						"actionId": "METHOD_CREATE",
						"label": "Create New Method",
						"callPath": []
					}
				]
			},
			{
				"label": "Add Component to Route",
				"actionId": "ADD_TO_ROUTE",
				"callPath": []
			}
		]
	},
	"level": "info",
	"message": "[CLI] Called Query entity/actions"
}
[info] [API] Response ok: entity/actions: {
	"result": {
		"context": {},
		"children": [
			{
				"label": "Properties",
				"children": [
					{
						"actionId": "ADD_FORM",
						"label": "Create Form Property",
						"callPath": []
					},
					{
						"actionId": "RXJS_PROPERTY_CREATE",
						"label": "Create Data Property",
						"callPath": []
					},
					{
						"actionId": "RXJS_PROPERTY_SUBJECT_CREATE",
						"label": "Create Subject Property",
						"callPath": []
					}
				]
			},
			{
				"label": "Inject",
				"actionId": "INJECT",
				"callPath": []
			},
			{
				"label": "Methods",
				"children": [
					{
						"actionId": "METHOD_CREATE",
						"label": "Create New Method",
						"callPath": []
					}
				]
			},
			{
				"label": "Add Component to Route",
				"actionId": "ADD_TO_ROUTE",
				"callPath": []
			}
		]
	},
	"level": "info",
	"message": "[API] Response ok: entity/actions"
}
[info] [API] Request for injectable/list: {
	"action": "injectable/list",
	"params": {
		"entityFilePath": "D:/Projekty/src/app/ui/employees-faces/employees-faces.component.ts"
	},
	"context": {
		"workspace": {
			"rootPath": "D:/Projekty"
		},
		"userContext": {
			"id": "u2TqzNHZRY",
			"correlationId": "zDVl_lQo8c",
			"clickedPath": "D:/Projekty/src/app/ui/employees-faces/employees-faces.component.ts",
			"logEnvId": "development"
		}
	},
	"level": "info",
	"message": "[API] Request for injectable/list"
}
[info] [CLI] Calling Query injectable/list: {
	"funcParams": {
		"entityFilePath": "D:/Projekty/src/app/ui/employees-faces/employees-faces.component.ts"
	},
	"level": "info",
	"message": "[CLI] Calling Query injectable/list"
}
[info] [CLI] Called Query injectable/list: {
	"result": [
		{
			"id": "httpClient",
			"dataType": "External",
			"name": "HttpClient",
			"relatedTypes": {}
		},
		{
			"id": "activatedRoute",
			"dataType": "External",
			"name": "ActivatedRoute",
			"relatedTypes": {}
		}
	],
	"level": "info",
	"message": "[CLI] Called Query injectable/list"
}
[info] [API] Response ok: injectable/list: {
	"result": [
		{
			"id": "httpClient",
			"dataType": "External",
			"name": "HttpClient",
			"relatedTypes": {}
		},
		{
			"id": "activatedRoute",
			"dataType": "External",
			"name": "ActivatedRoute",
			"relatedTypes": {}
		}
	],
	"level": "info",
	"message": "[API] Response ok: injectable/list"
}
[info] [API] Request for entity/actions: {
	"action": "entity/actions",
	"params": {
		"clickedPath": "D:/Projekty/src/app/ui/employees-faces/employees-faces.component.html",
		"position": 34
	},
	"context": {
		"workspace": {
			"rootPath": "D:/Projekty"
		},
		"userContext": {
			"id": "u2TqzNHZRY",
			"correlationId": "f_PIlW4Z4V",
			"clickedPath": "D:/Projekty/src/app/ui/employees-faces/employees-faces.component.html",
			"logEnvId": "development"
		}
	},
	"level": "info",
	"message": "[API] Request for entity/actions"
}
[info] [CLI] Calling Query entity/actions: {
	"funcParams": {
		"clickedPath": "D:/Projekty/src/app/ui/employees-faces/employees-faces.component.html",
		"position": 34
	},
	"level": "info",
	"message": "[CLI] Calling Query entity/actions"
}
[info] [CLI] Called Query entity/actions: {
	"result": {
		"context": {
			"parentClass": "EmployeesFacesComponent",
			"options": [
				{
					"type": "forms"
				},
				{
					"type": "lists"
				}
			]
		},
		"children": [
			{
				"actionId": "ADD_TEMPLATE",
				"label": "Display Data",
				"callPath": []
			},
			{
				"actionId": "ADD_LAYOUT",
				"label": "Display Layout",
				"callPath": []
			},
			{
				"actionId": "ADD_COMPONENT",
				"label": "Display Component",
				"callPath": []
			}
		]
	},
	"level": "info",
	"message": "[CLI] Called Query entity/actions"
}
[info] [API] Response ok: entity/actions: {
	"result": {
		"context": {
			"parentClass": "EmployeesFacesComponent",
			"options": [
				{
					"type": "forms"
				},
				{
					"type": "lists"
				}
			]
		},
		"children": [
			{
				"actionId": "ADD_TEMPLATE",
				"label": "Display Data",
				"callPath": []
			},
			{
				"actionId": "ADD_LAYOUT",
				"label": "Display Layout",
				"callPath": []
			},
			{
				"actionId": "ADD_COMPONENT",
				"label": "Display Component",
				"callPath": []
			}
		]
	},
	"level": "info",
	"message": "[API] Response ok: entity/actions"
}
[info] [API] Request for angular-component/properties/list: {
	"action": "angular-component/properties/list",
	"params": {
		"entityFilePath": "D:/Projekty/src/app/ui/employees-faces/employees-faces.component.ts"
	},
	"context": {
		"workspace": {
			"rootPath": "D:/Projekty"
		},
		"userContext": {
			"id": "u2TqzNHZRY",
			"correlationId": "f_PIlW4Z4V",
			"clickedPath": "D:/Projekty/src/app/ui/employees-faces/employees-faces.component.html",
			"logEnvId": "development"
		}
	},
	"level": "info",
	"message": "[API] Request for angular-component/properties/list"
}
[info] [API] Response ok: angular-component/properties/list: {
	"result": [
		{
			"label": "data$",
			"templateType": "lists",
			"typeProperties": [
				"id",
				"name",
				"email",
				"image"
			]
		}
	],
	"level": "info",
	"message": "[API] Response ok: angular-component/properties/list"
}
[info] [CLI] Calling Query angular-component/properties/list: {
	"funcParams": {
		"entityFilePath": "D:/Projekty/src/app/ui/employees-faces/employees-faces.component.ts"
	},
	"level": "info",
	"message": "[CLI] Calling Query angular-component/properties/list"
}
[info] [CLI] Called Query angular-component/properties/list: {
	"result": [
		{
			"label": "data$",
			"templateType": "lists",
			"typeProperties": [
				"id",
				"name",
				"email",
				"image"
			]
		}
	],
	"level": "info",
	"message": "[CLI] Called Query angular-component/properties/list"
}
[info] [API] Request for angular-component/templates/get: {
	"action": "angular-component/templates/get",
	"params": {
		"name": "lists"
	},
	"context": {
		"workspace": {
			"rootPath": "D:/Projekty"
		},
		"userContext": {
			"id": "u2TqzNHZRY",
			"correlationId": "f_PIlW4Z4V",
			"clickedPath": "D:/Projekty/src/app/ui/employees-faces/employees-faces.component.html",
			"logEnvId": "development"
		}
	},
	"level": "info",
	"message": "[API] Request for angular-component/templates/get"
}
[info] [API] Response ok: angular-component/templates/get: {
	"result": [
		{
			"label": "ul",
			"contextVariables": []
		},
		{
			"label": "table",
			"contextVariables": []
		}
	],
	"level": "info",
	"message": "[API] Response ok: angular-component/templates/get"
}
[info] [CLI] Calling Query angular-component/templates/get: {
	"funcParams": {
		"name": "lists"
	},
	"level": "info",
	"message": "[CLI] Calling Query angular-component/templates/get"
}
[info] [CLI] Called Query angular-component/templates/get: {
	"result": [
		{
			"label": "ul",
			"contextVariables": []
		},
		{
			"label": "table",
			"contextVariables": []
		}
	],
	"level": "info",
	"message": "[CLI] Called Query angular-component/templates/get"
}
[info] [API] Request for angular-component/templates/get: {
	"action": "angular-component/templates/get",
	"params": {
		"name": "details"
	},
	"context": {
		"workspace": {
			"rootPath": "D:/Projekty"
		},
		"userContext": {
			"id": "u2TqzNHZRY",
			"correlationId": "f_PIlW4Z4V",
			"clickedPath": "D:/Projekty/src/app/ui/employees-faces/employees-faces.component.html",
			"logEnvId": "development"
		}
	},
	"level": "info",
	"message": "[API] Request for angular-component/templates/get"
}
[info] [API] Response ok: angular-component/templates/get: {
	"result": [
		{
			"label": "content",
			"contextVariables": []
		},
		{
			"label": "text",
			"contextVariables": []
		}
	],
	"level": "info",
	"message": "[API] Response ok: angular-component/templates/get"
}
[info] [CLI] Calling Query angular-component/templates/get: {
	"funcParams": {
		"name": "details"
	},
	"level": "info",
	"message": "[CLI] Calling Query angular-component/templates/get"
}
[info] [CLI] Called Query angular-component/templates/get: {
	"result": [
		{
			"label": "content",
			"contextVariables": []
		},
		{
			"label": "text",
			"contextVariables": []
		}
	],
	"level": "info",
	"message": "[CLI] Called Query angular-component/templates/get"
}
[info] [API] Request for angular-component/templates/add-list: {
	"action": "angular-component/templates/add-list",
	"params": {
		"componentHtmlFilePath": "D:/Projekty/src/app/ui/employees-faces/employees-faces.component.html",
		"position": 34,
		"propertyName": "data$",
		"listTemplate": "table",
		"detailTemplate": "content"
	},
	"context": {
		"workspace": {
			"rootPath": "D:/Projekty"
		},
		"userContext": {
			"id": "u2TqzNHZRY",
			"correlationId": "f_PIlW4Z4V",
			"clickedPath": "D:/Projekty/src/app/ui/employees-faces/employees-faces.component.html",
			"logEnvId": "development"
		}
	},
	"level": "info",
	"message": "[API] Request for angular-component/templates/add-list"
}
[info] [CLI] Calling Command angular-component/templates/add-list: {
	"funcParams": {
		"componentHtmlFilePath": "D:/Projekty/src/app/ui/employees-faces/employees-faces.component.html",
		"position": 34,
		"propertyName": "data$",
		"listTemplate": "table",
		"detailTemplate": "content"
	},
	"level": "info",
	"message": "[CLI] Calling Command angular-component/templates/add-list"
}
[info] [CommandBus]: Dispatching command AddListToTemplateCommand: {
	"commandName": "AddListToTemplateCommand",
	"payload": {
		"workspaceRoot": "D:/Projekty",
		"componentTs": "D:/Projekty/src/app/ui/employees-faces/employees-faces.component.ts",
		"componentHtml": "D:/Projekty/src/app/ui/employees-faces/employees-faces.component.html",
		"className": "EmployeesFacesComponent",
		"propertyName": "data$",
		"position": 34,
		"listTemplate": "table",
		"detailTemplate": "content"
	},
	"level": "info",
	"message": "[CommandBus]: Dispatching command AddListToTemplateCommand"
}
[info] [EventBus]: Broadcasting event TemplateAddedEvent: {
	"type": "TemplateAddedEvent",
	"payload": {
		"componentTs": "D:/Projekty/src/app/ui/employees-faces/employees-faces.component.ts",
		"tokens": {}
	},
	"level": "info",
	"message": "[EventBus]: Broadcasting event TemplateAddedEvent"
}
[info] [EventBus]: Broadcasted TemplateAddedEvent: {
	"event": {
		"componentTs": "D:/Projekty/src/app/ui/employees-faces/employees-faces.component.ts",
		"tokens": {}
	},
	"level": "info",
	"message": "[EventBus]: Broadcasted TemplateAddedEvent"
}
[info] [CommandBus]: Dispatching command ImportTemplateModulesCommand: {
	"commandName": "ImportTemplateModulesCommand",
	"payload": {
		"componentModuleFilePaths": [
			"D:/Projekty/src/app/ui/employees-faces/employees-faces.component-module.ts"
		],
		"addedTokens": {}
	},
	"level": "info",
	"message": "[CommandBus]: Dispatching command ImportTemplateModulesCommand"
}
[info] [CommandBus]: Handled  ImportTemplateModulesCommand: {
	"commandName": "ImportTemplateModulesCommand",
	"payload": {
		"componentModuleFilePaths": [
			"D:/Projekty/src/app/ui/employees-faces/employees-faces.component-module.ts"
		],
		"addedTokens": {}
	},
	"level": "info",
	"message": "[CommandBus]: Handled  ImportTemplateModulesCommand"
}
[info] [CommandBus]: Handled  AddListToTemplateCommand: {
	"commandName": "AddListToTemplateCommand",
	"payload": {
		"workspaceRoot": "D:/Projekty",
		"componentTs": "D:/Projekty/src/app/ui/employees-faces/employees-faces.component.ts",
		"componentHtml": "D:/Projekty/src/app/ui/employees-faces/employees-faces.component.html",
		"className": "EmployeesFacesComponent",
		"propertyName": "data$",
		"position": 34,
		"listTemplate": "table",
		"detailTemplate": "content"
	},
	"level": "info",
	"message": "[CommandBus]: Handled  AddListToTemplateCommand"
}
[info] [CLI] Called Command angular-component/templates/add-list: {
	"message": "[CLI] Called Command angular-component/templates/add-list",
	"level": "info"
}
[info] [API] Response ok: angular-component/templates/add-list: {
	"result": {
		"filePath": "D:/Projekty/src/app/ui/employees-faces/employees-faces.component.html"
	},
	"level": "info",
	"message": "[API] Response ok: angular-component/templates/add-list"
}
[info] [API] Request for entity/actions: {
	"action": "entity/actions",
	"params": {
		"clickedPath": "D:/Projekty/src/app/ui/employees-faces/employees-faces.component.html",
		"position": 96
	},
	"context": {
		"workspace": {
			"rootPath": "D:/Projekty"
		},
		"userContext": {
			"id": "u2TqzNHZRY",
			"correlationId": "oTJuDQCU6e",
			"clickedPath": "D:/Projekty/src/app/ui/employees-faces/employees-faces.component.html",
			"logEnvId": "development"
		}
	},
	"level": "info",
	"message": "[API] Request for entity/actions"
}
[info] [CLI] Calling Query entity/actions: {
	"funcParams": {
		"clickedPath": "D:/Projekty/src/app/ui/employees-faces/employees-faces.component.html",
		"position": 96
	},
	"level": "info",
	"message": "[CLI] Calling Query entity/actions"
}
[info] [CLI] Called Query entity/actions: {
	"result": {
		"context": {
			"parentClass": "EmployeesFacesComponent",
			"options": [
				{
					"type": "forms"
				},
				{
					"type": "lists"
				}
			]
		},
		"children": [
			{
				"actionId": "ADD_TEMPLATE",
				"label": "Display Data",
				"callPath": []
			},
			{
				"actionId": "ADD_LAYOUT",
				"label": "Display Layout",
				"callPath": []
			},
			{
				"actionId": "ADD_COMPONENT",
				"label": "Display Component",
				"callPath": []
			}
		]
	},
	"level": "info",
	"message": "[CLI] Called Query entity/actions"
}
[info] [API] Response ok: entity/actions: {
	"result": {
		"context": {
			"parentClass": "EmployeesFacesComponent",
			"options": [
				{
					"type": "forms"
				},
				{
					"type": "lists"
				}
			]
		},
		"children": [
			{
				"actionId": "ADD_TEMPLATE",
				"label": "Display Data",
				"callPath": []
			},
			{
				"actionId": "ADD_LAYOUT",
				"label": "Display Layout",
				"callPath": []
			},
			{
				"actionId": "ADD_COMPONENT",
				"label": "Display Component",
				"callPath": []
			}
		]
	},
	"level": "info",
	"message": "[API] Response ok: entity/actions"
}
[info] [API] Request for angular-component/properties/list: {
	"action": "angular-component/properties/list",
	"params": {
		"entityFilePath": "D:/Projekty/src/app/ui/employees-faces/employees-faces.component.ts"
	},
	"context": {
		"workspace": {
			"rootPath": "D:/Projekty"
		},
		"userContext": {
			"id": "u2TqzNHZRY",
			"correlationId": "oTJuDQCU6e",
			"clickedPath": "D:/Projekty/src/app/ui/employees-faces/employees-faces.component.html",
			"logEnvId": "development"
		}
	},
	"level": "info",
	"message": "[API] Request for angular-component/properties/list"
}
[info] [API] Response ok: angular-component/properties/list: {
	"result": [
		{
			"label": "data$",
			"templateType": "lists",
			"typeProperties": [
				"id",
				"name",
				"email",
				"image"
			]
		}
	],
	"level": "info",
	"message": "[API] Response ok: angular-component/properties/list"
}
[info] [CLI] Calling Query angular-component/properties/list: {
	"funcParams": {
		"entityFilePath": "D:/Projekty/src/app/ui/employees-faces/employees-faces.component.ts"
	},
	"level": "info",
	"message": "[CLI] Calling Query angular-component/properties/list"
}
[info] [CLI] Called Query angular-component/properties/list: {
	"result": [
		{
			"label": "data$",
			"templateType": "lists",
			"typeProperties": [
				"id",
				"name",
				"email",
				"image"
			]
		}
	],
	"level": "info",
	"message": "[CLI] Called Query angular-component/properties/list"
}
[info] [API] Request for flow/create-entity: {
	"action": "flow/create-entity",
	"params": {},
	"context": {
		"workspace": {
			"rootPath": "D:/Projekty"
		},
		"userContext": {
			"id": "u2TqzNHZRY",
			"correlationId": "ApQERFJXry",
			"clickedPath": "D:/Projekty/src/app/services",
			"logEnvId": "development"
		}
	},
	"level": "info",
	"message": "[API] Request for flow/create-entity"
}
[info] [CLI] Calling Query flow/create-entity: {
	"funcParams": {},
	"level": "info",
	"message": "[CLI] Calling Query flow/create-entity"
}
[info] [CLI] Called Query flow/create-entity: {
	"result": {
		"context": {
			"project": {
				"name": "lowgular-course-entry",
				"workspaceRoot": "D:/Projekty",
				"root": "",
				"sourceRoot": "src",
				"prefix": "app",
				"codePathFromWorkspaceRoot": "src/app",
				"absoluteCodePath": "D:/Projekty/src/app",
				"absoluteRootPath": "D:/Projekty",
				"rootRoutingFilePath": "D:/Projekty/src/app/app-routing.module.ts",
				"type": "App"
			}
		},
		"steps": [
			{
				"contextId": "entity",
				"title": "What do you want to create?",
				"type": "multi-option",
				"options": {
					"App": [
						{
							"id": "component",
							"suffix": "Component",
							"folder": "ui/$name$",
							"type": "ANGULAR_COMPONENT",
							"insideOf": "App",
							"config": {
								"stylesExtension": "none",
								"viewEncapsulation": "Emulated",
								"selector": "generated",
								"changeDetectionStrategy": "OnPush"
							}
						},
						{
							"id": "dataService",
							"suffix": "Service",
							"folder": "services",
							"type": "ANGULAR_SERVICE",
							"insideOf": "App"
						},
						{
							"id": "model",
							"suffix": "Model",
							"folder": "model",
							"type": "DATA_STRUCTURE",
							"insideOf": "App"
						},
						{
							"id": "response",
							"suffix": "Response",
							"folder": "services",
							"type": "DATA_STRUCTURE",
							"insideOf": "App"
						}
					],
					"Lib": []
				},
				"param": "project.type",
				"property": "id"
			},
			{
				"contextId": "name",
				"title": "What is the $entity.id$ name?",
				"subtitle": "e.g. user",
				"type": "text-input"
			},
			{
				"conditions": [
					{
						"left": "entity.type",
						"operator": "eq",
						"right": "DATA_STRUCTURE"
					},
					{
						"left": "entity.type",
						"operator": "eq",
						"right": "OBJECT"
					}
				],
				"contextId": "properties",
				"title": "What are the $entity.id$ properties?",
				"subtitle": "Optional: Can be empty... or use csv format e.g. id:number,text:string",
				"type": "multi-input"
			}
		],
		"request": {
			"scope": "entity.type",
			"config": {
				"LIBRARY": {
					"url": "library/create",
					"payload": {
						"name": "name.value"
					}
				},
				"OBJECT": {
					"url": "object/create",
					"payload": {
						"name": "name.value",
						"properties": "properties",
						"entityId": "entity.id"
					}
				},
				"DATA_STRUCTURE": {
					"url": "data-structure/create",
					"payload": {
						"name": "name.value",
						"properties": "properties",
						"entityId": "entity.id"
					}
				},
				"ANGULAR_COMPONENT": {
					"url": "angular-component/create",
					"payload": {
						"name": "name.value",
						"entityId": "entity.id"
					}
				},
				"ANGULAR_DIRECTIVE": {
					"url": "angular-directive/create",
					"payload": {
						"name": "name.value",
						"entityId": "entity.id"
					}
				},
				"ANGULAR_GUARD": {
					"url": "angular-guard/create",
					"payload": {
						"name": "name.value",
						"entityId": "entity.id"
					}
				},
				"ANGULAR_RESOLVER": {
					"url": "angular-resolver/create",
					"payload": {
						"name": "name.value",
						"entityId": "entity.id"
					}
				},
				"ANGULAR_SERVICE": {
					"url": "angular-service/create",
					"payload": {
						"name": "name.value",
						"entityId": "entity.id"
					}
				},
				"ABSTRACTION": {
					"url": "abstraction/create",
					"payload": {
						"name": "name.value",
						"entityId": "entity.id"
					}
				}
			}
		}
	},
	"level": "info",
	"message": "[CLI] Called Query flow/create-entity"
}
[info] [API] Response ok: flow/create-entity: {
	"result": {
		"context": {
			"project": {
				"name": "lowgular-course-entry",
				"workspaceRoot": "D:/Projekty",
				"root": "",
				"sourceRoot": "src",
				"prefix": "app",
				"codePathFromWorkspaceRoot": "src/app",
				"absoluteCodePath": "D:/Projekty/src/app",
				"absoluteRootPath": "D:/Projekty",
				"rootRoutingFilePath": "D:/Projekty/src/app/app-routing.module.ts",
				"type": "App"
			}
		},
		"steps": [
			{
				"contextId": "entity",
				"title": "What do you want to create?",
				"type": "multi-option",
				"options": {
					"App": [
						{
							"id": "component",
							"suffix": "Component",
							"folder": "ui/$name$",
							"type": "ANGULAR_COMPONENT",
							"insideOf": "App",
							"config": {
								"stylesExtension": "none",
								"viewEncapsulation": "Emulated",
								"selector": "generated",
								"changeDetectionStrategy": "OnPush"
							}
						},
						{
							"id": "dataService",
							"suffix": "Service",
							"folder": "services",
							"type": "ANGULAR_SERVICE",
							"insideOf": "App"
						},
						{
							"id": "model",
							"suffix": "Model",
							"folder": "model",
							"type": "DATA_STRUCTURE",
							"insideOf": "App"
						},
						{
							"id": "response",
							"suffix": "Response",
							"folder": "services",
							"type": "DATA_STRUCTURE",
							"insideOf": "App"
						}
					],
					"Lib": []
				},
				"param": "project.type",
				"property": "id"
			},
			{
				"contextId": "name",
				"title": "What is the $entity.id$ name?",
				"subtitle": "e.g. user",
				"type": "text-input"
			},
			{
				"conditions": [
					{
						"left": "entity.type",
						"operator": "eq",
						"right": "DATA_STRUCTURE"
					},
					{
						"left": "entity.type",
						"operator": "eq",
						"right": "OBJECT"
					}
				],
				"contextId": "properties",
				"title": "What are the $entity.id$ properties?",
				"subtitle": "Optional: Can be empty... or use csv format e.g. id:number,text:string",
				"type": "multi-input"
			}
		],
		"request": {
			"scope": "entity.type",
			"config": {
				"LIBRARY": {
					"url": "library/create",
					"payload": {
						"name": "name.value"
					}
				},
				"OBJECT": {
					"url": "object/create",
					"payload": {
						"name": "name.value",
						"properties": "properties",
						"entityId": "entity.id"
					}
				},
				"DATA_STRUCTURE": {
					"url": "data-structure/create",
					"payload": {
						"name": "name.value",
						"properties": "properties",
						"entityId": "entity.id"
					}
				},
				"ANGULAR_COMPONENT": {
					"url": "angular-component/create",
					"payload": {
						"name": "name.value",
						"entityId": "entity.id"
					}
				},
				"ANGULAR_DIRECTIVE": {
					"url": "angular-directive/create",
					"payload": {
						"name": "name.value",
						"entityId": "entity.id"
					}
				},
				"ANGULAR_GUARD": {
					"url": "angular-guard/create",
					"payload": {
						"name": "name.value",
						"entityId": "entity.id"
					}
				},
				"ANGULAR_RESOLVER": {
					"url": "angular-resolver/create",
					"payload": {
						"name": "name.value",
						"entityId": "entity.id"
					}
				},
				"ANGULAR_SERVICE": {
					"url": "angular-service/create",
					"payload": {
						"name": "name.value",
						"entityId": "entity.id"
					}
				},
				"ABSTRACTION": {
					"url": "abstraction/create",
					"payload": {
						"name": "name.value",
						"entityId": "entity.id"
					}
				}
			}
		}
	},
	"level": "info",
	"message": "[API] Response ok: flow/create-entity"
}
[info] [API] Request for angular-service/create: {
	"action": "angular-service/create",
	"params": {
		"name": "Employee",
		"entityId": "dataService"
	},
	"context": {
		"workspace": {
			"rootPath": "D:/Projekty"
		},
		"userContext": {
			"id": "u2TqzNHZRY",
			"correlationId": "ApQERFJXry",
			"clickedPath": "D:/Projekty/src/app/services",
			"logEnvId": "development"
		}
	},
	"level": "info",
	"message": "[API] Request for angular-service/create"
}
[info] [CLI] Calling Command angular-service/create: {
	"funcParams": {
		"name": "Employee",
		"entityId": "dataService"
	},
	"level": "info",
	"message": "[CLI] Calling Command angular-service/create"
}
[info] [CommandBus]: Dispatching command CREATE_SERVICE: {
	"commandName": "CREATE_SERVICE",
	"payload": {
		"folderPath": "D:/Projekty/src/app/services",
		"name": "Employee",
		"suffix": "Service"
	},
	"level": "info",
	"message": "[CommandBus]: Dispatching command CREATE_SERVICE"
}
[info] [EventBus]: Broadcasting event SERVICE_CREATED: {
	"type": "SERVICE_CREATED",
	"payload": {
		"createdFile": "D:/Projekty/src/app/services/employee.service.ts"
	},
	"level": "info",
	"message": "[EventBus]: Broadcasting event SERVICE_CREATED"
}
[info] [CommandBus]: Dispatching command MODULE_CREATE_SERVICE_MODULE: {
	"commandName": "MODULE_CREATE_SERVICE_MODULE",
	"payload": {
		"filePath": "D:/Projekty/src/app/services/employee.service.ts"
	},
	"level": "info",
	"message": "[CommandBus]: Dispatching command MODULE_CREATE_SERVICE_MODULE"
}
[info] [EventBus]: Broadcasted SERVICE_CREATED: {
	"event": {
		"createdFile": "D:/Projekty/src/app/services/employee.service.ts"
	},
	"level": "info",
	"message": "[EventBus]: Broadcasted SERVICE_CREATED"
}
[info] [EventBus]: Broadcasting event MODULE_MODULE_CREATED: {
	"type": "MODULE_MODULE_CREATED",
	"payload": {
		"moduleFile": "D:/Projekty/src/app/services/employee.service-module.ts"
	},
	"level": "info",
	"message": "[EventBus]: Broadcasting event MODULE_MODULE_CREATED"
}
[info] [EventBus]: Broadcasted MODULE_MODULE_CREATED: {
	"event": {
		"moduleFile": "D:/Projekty/src/app/services/employee.service-module.ts"
	},
	"level": "info",
	"message": "[EventBus]: Broadcasted MODULE_MODULE_CREATED"
}
[info] [CommandBus]: Handled  MODULE_CREATE_SERVICE_MODULE: {
	"commandName": "MODULE_CREATE_SERVICE_MODULE",
	"payload": {
		"filePath": "D:/Projekty/src/app/services/employee.service.ts"
	},
	"level": "info",
	"message": "[CommandBus]: Handled  MODULE_CREATE_SERVICE_MODULE"
}
[info] [CommandBus]: Handled  CREATE_SERVICE: {
	"commandName": "CREATE_SERVICE",
	"payload": {
		"folderPath": "D:/Projekty/src/app/services",
		"name": "Employee",
		"suffix": "Service"
	},
	"level": "info",
	"message": "[CommandBus]: Handled  CREATE_SERVICE"
}
[info] [CLI] Called Command angular-service/create: {
	"message": "[CLI] Called Command angular-service/create",
	"level": "info"
}
[info] [API] Response ok: angular-service/create: {
	"result": {
		"filePath": "D:/Projekty/src/app/services/employee.service.ts"
	},
	"level": "info",
	"message": "[API] Response ok: angular-service/create"
}
[info] [API] Request for entity/actions: {
	"action": "entity/actions",
	"params": {
		"clickedPath": "D:/Projekty/src/app/services/employee.service.ts",
		"position": 88
	},
	"context": {
		"workspace": {
			"rootPath": "D:/Projekty"
		},
		"userContext": {
			"id": "u2TqzNHZRY",
			"correlationId": "Wqi4carBA7",
			"clickedPath": "D:/Projekty/src/app/services/employee.service.ts",
			"logEnvId": "development"
		}
	},
	"level": "info",
	"message": "[API] Request for entity/actions"
}
[info] [CLI] Calling Query entity/actions: {
	"funcParams": {
		"clickedPath": "D:/Projekty/src/app/services/employee.service.ts",
		"position": 88
	},
	"level": "info",
	"message": "[CLI] Calling Query entity/actions"
}
[info] [CLI] Called Query entity/actions: {
	"result": {
		"context": {
			"parentClass": "EmployeeService"
		},
		"children": [
			{
				"label": "Inject",
				"actionId": "INJECT",
				"callPath": []
			},
			{
				"label": "Methods",
				"children": [
					{
						"actionId": "RXJS_METHOD_CREATE",
						"label": "Create New Method",
						"callPath": []
					}
				]
			}
		]
	},
	"level": "info",
	"message": "[CLI] Called Query entity/actions"
}
[info] [API] Response ok: entity/actions: {
	"result": {
		"context": {
			"parentClass": "EmployeeService"
		},
		"children": [
			{
				"label": "Inject",
				"actionId": "INJECT",
				"callPath": []
			},
			{
				"label": "Methods",
				"children": [
					{
						"actionId": "RXJS_METHOD_CREATE",
						"label": "Create New Method",
						"callPath": []
					}
				]
			}
		]
	},
	"level": "info",
	"message": "[API] Response ok: entity/actions"
}
[info] [API] Request for injectable/list: {
	"action": "injectable/list",
	"params": {
		"entityFilePath": "D:/Projekty/src/app/services/employee.service.ts"
	},
	"context": {
		"workspace": {
			"rootPath": "D:/Projekty"
		},
		"userContext": {
			"id": "u2TqzNHZRY",
			"correlationId": "Wqi4carBA7",
			"clickedPath": "D:/Projekty/src/app/services/employee.service.ts",
			"logEnvId": "development"
		}
	},
	"level": "info",
	"message": "[API] Request for injectable/list"
}
[info] [CLI] Calling Query injectable/list: {
	"funcParams": {
		"entityFilePath": "D:/Projekty/src/app/services/employee.service.ts"
	},
	"level": "info",
	"message": "[CLI] Calling Query injectable/list"
}
[info] [CLI] Called Query injectable/list: {
	"result": [
		{
			"id": "httpClient",
			"dataType": "External",
			"name": "HttpClient",
			"relatedTypes": {}
		}
	],
	"level": "info",
	"message": "[CLI] Called Query injectable/list"
}
[info] [API] Response ok: injectable/list: {
	"result": [
		{
			"id": "httpClient",
			"dataType": "External",
			"name": "HttpClient",
			"relatedTypes": {}
		}
	],
	"level": "info",
	"message": "[API] Response ok: injectable/list"
}
[info] [API] Request for injectable/inject-external: {
	"action": "injectable/inject-external",
	"params": {
		"entityFilePath": "D:/Projekty/src/app/services/employee.service.ts",
		"externalId": "httpClient"
	},
	"context": {
		"workspace": {
			"rootPath": "D:/Projekty"
		},
		"userContext": {
			"id": "u2TqzNHZRY",
			"correlationId": "Wqi4carBA7",
			"clickedPath": "D:/Projekty/src/app/services/employee.service.ts",
			"logEnvId": "development"
		}
	},
	"level": "info",
	"message": "[API] Request for injectable/inject-external"
}
[info] [CLI] Calling Command injectable/inject-external: {
	"funcParams": {
		"entityFilePath": "D:/Projekty/src/app/services/employee.service.ts",
		"externalId": "httpClient"
	},
	"level": "info",
	"message": "[CLI] Calling Command injectable/inject-external"
}
[info] [CommandBus]: Dispatching command INJECT_EXTERNAL_DEPENDENCY: {
	"commandName": "INJECT_EXTERNAL_DEPENDENCY",
	"payload": {
		"entityFilePath": "D:/Projekty/src/app/services/employee.service.ts",
		"externalType": "HttpClient",
		"genericFilePaths": []
	},
	"level": "info",
	"message": "[CommandBus]: Dispatching command INJECT_EXTERNAL_DEPENDENCY"
}
[info] [CommandBus]: Handled  INJECT_EXTERNAL_DEPENDENCY: {
	"commandName": "INJECT_EXTERNAL_DEPENDENCY",
	"payload": {
		"entityFilePath": "D:/Projekty/src/app/services/employee.service.ts",
		"externalType": "HttpClient",
		"genericFilePaths": []
	},
	"level": "info",
	"message": "[CommandBus]: Handled  INJECT_EXTERNAL_DEPENDENCY"
}
[info] [CLI] Called Command injectable/inject-external: {
	"message": "[CLI] Called Command injectable/inject-external",
	"level": "info"
}
[info] [API] Response ok: injectable/inject-external: {
	"result": {
		"filePath": "D:/Projekty/src/app/services/employee.service.ts"
	},
	"level": "info",
	"message": "[API] Response ok: injectable/inject-external"
}
[info] [API] Request for entity/actions: {
	"action": "entity/actions",
	"params": {
		"clickedPath": "D:/Projekty/src/app/services/employee.service.ts",
		"position": 89
	},
	"context": {
		"workspace": {
			"rootPath": "D:/Projekty"
		},
		"userContext": {
			"id": "u2TqzNHZRY",
			"correlationId": "4u59_3aOYu",
			"clickedPath": "D:/Projekty/src/app/services/employee.service.ts",
			"logEnvId": "development"
		}
	},
	"level": "info",
	"message": "[API] Request for entity/actions"
}
[info] [CLI] Calling Query entity/actions: {
	"funcParams": {
		"clickedPath": "D:/Projekty/src/app/services/employee.service.ts",
		"position": 89
	},
	"level": "info",
	"message": "[CLI] Calling Query entity/actions"
}
[info] [CLI] Called Query entity/actions: {
	"result": {
		"context": {
			"parentClass": "EmployeeService"
		},
		"children": [
			{
				"label": "Inject",
				"actionId": "INJECT",
				"callPath": []
			},
			{
				"label": "Methods",
				"children": [
					{
						"actionId": "RXJS_METHOD_CREATE",
						"label": "Create New Method",
						"callPath": []
					}
				]
			}
		]
	},
	"level": "info",
	"message": "[CLI] Called Query entity/actions"
}
[info] [API] Response ok: entity/actions: {
	"result": {
		"context": {
			"parentClass": "EmployeeService"
		},
		"children": [
			{
				"label": "Inject",
				"actionId": "INJECT",
				"callPath": []
			},
			{
				"label": "Methods",
				"children": [
					{
						"actionId": "RXJS_METHOD_CREATE",
						"label": "Create New Method",
						"callPath": []
					}
				]
			}
		]
	},
	"level": "info",
	"message": "[API] Response ok: entity/actions"
}
[info] [API] Request for injectable/list: {
	"action": "injectable/list",
	"params": {
		"entityFilePath": "D:/Projekty/src/app/services/employee.service.ts"
	},
	"context": {
		"workspace": {
			"rootPath": "D:/Projekty"
		},
		"userContext": {
			"id": "u2TqzNHZRY",
			"correlationId": "4u59_3aOYu",
			"clickedPath": "D:/Projekty/src/app/services/employee.service.ts",
			"logEnvId": "development"
		}
	},
	"level": "info",
	"message": "[API] Request for injectable/list"
}
[info] [CLI] Calling Query injectable/list: {
	"funcParams": {
		"entityFilePath": "D:/Projekty/src/app/services/employee.service.ts"
	},
	"level": "info",
	"message": "[CLI] Calling Query injectable/list"
}
[info] [CLI] Called Query injectable/list: {
	"result": [
		{
			"id": "httpClient",
			"dataType": "External",
			"name": "HttpClient",
			"relatedTypes": {}
		}
	],
	"level": "info",
	"message": "[CLI] Called Query injectable/list"
}
[info] [API] Response ok: injectable/list: {
	"result": [
		{
			"id": "httpClient",
			"dataType": "External",
			"name": "HttpClient",
			"relatedTypes": {}
		}
	],
	"level": "info",
	"message": "[API] Response ok: injectable/list"
}
[info] [API] Request for injectable/inject-external: {
	"action": "injectable/inject-external",
	"params": {
		"entityFilePath": "D:/Projekty/src/app/services/employee.service.ts",
		"externalId": "httpClient"
	},
	"context": {
		"workspace": {
			"rootPath": "D:/Projekty"
		},
		"userContext": {
			"id": "u2TqzNHZRY",
			"correlationId": "4u59_3aOYu",
			"clickedPath": "D:/Projekty/src/app/services/employee.service.ts",
			"logEnvId": "development"
		}
	},
	"level": "info",
	"message": "[API] Request for injectable/inject-external"
}
[info] [CLI] Calling Command injectable/inject-external: {
	"funcParams": {
		"entityFilePath": "D:/Projekty/src/app/services/employee.service.ts",
		"externalId": "httpClient"
	},
	"level": "info",
	"message": "[CLI] Calling Command injectable/inject-external"
}
[info] [CommandBus]: Dispatching command INJECT_EXTERNAL_DEPENDENCY: {
	"commandName": "INJECT_EXTERNAL_DEPENDENCY",
	"payload": {
		"entityFilePath": "D:/Projekty/src/app/services/employee.service.ts",
		"externalType": "HttpClient",
		"genericFilePaths": []
	},
	"level": "info",
	"message": "[CommandBus]: Dispatching command INJECT_EXTERNAL_DEPENDENCY"
}
[info] [CommandBus]: Handled  INJECT_EXTERNAL_DEPENDENCY: {
	"commandName": "INJECT_EXTERNAL_DEPENDENCY",
	"payload": {
		"entityFilePath": "D:/Projekty/src/app/services/employee.service.ts",
		"externalType": "HttpClient",
		"genericFilePaths": []
	},
	"level": "info",
	"message": "[CommandBus]: Handled  INJECT_EXTERNAL_DEPENDENCY"
}
[info] [CLI] Called Command injectable/inject-external: {
	"message": "[CLI] Called Command injectable/inject-external",
	"level": "info"
}
[info] [API] Response ok: injectable/inject-external: {
	"result": {
		"filePath": "D:/Projekty/src/app/services/employee.service.ts"
	},
	"level": "info",
	"message": "[API] Response ok: injectable/inject-external"
}
[info] [API] Request for entity/actions: {
	"action": "entity/actions",
	"params": {
		"clickedPath": "D:/Projekty/src/app/ui/employee-list/employee-list.component.ts",
		"position": 680
	},
	"context": {
		"workspace": {
			"rootPath": "D:/Projekty"
		},
		"userContext": {
			"id": "u2TqzNHZRY",
			"correlationId": "68M5C8JdKE",
			"clickedPath": "D:/Projekty/src/app/ui/employee-list/employee-list.component.ts",
			"logEnvId": "development"
		}
	},
	"level": "info",
	"message": "[API] Request for entity/actions"
}
[info] [CLI] Calling Query entity/actions: {
	"funcParams": {
		"clickedPath": "D:/Projekty/src/app/ui/employee-list/employee-list.component.ts",
		"position": 680
	},
	"level": "info",
	"message": "[CLI] Calling Query entity/actions"
}
[info] [CLI] Called Query entity/actions: {
	"result": {
		"context": {
			"parentClass": "EmployeeListComponent"
		},
		"children": [
			{
				"label": "Properties",
				"children": [
					{
						"label": "data$",
						"children": [
							{
								"actionId": "RXJS_CALL_EXPRESSIONS_MAP",
								"label": "Map Property",
								"callPath": [
									"data$"
								]
							},
							{
								"actionId": "RXJS_CALL_EXPRESSIONS_TAP",
								"label": "Property Side Effect",
								"callPath": [
									"data$"
								]
							}
						]
					},
					{
						"actionId": "ADD_FORM",
						"label": "Create Form Property",
						"callPath": []
					},
					{
						"actionId": "RXJS_PROPERTY_CREATE",
						"label": "Create Data Property",
						"callPath": []
					},
					{
						"actionId": "RXJS_PROPERTY_SUBJECT_CREATE",
						"label": "Create Subject Property",
						"callPath": []
					}
				]
			},
			{
				"label": "Inject",
				"actionId": "INJECT",
				"callPath": []
			},
			{
				"label": "Methods",
				"children": [
					{
						"actionId": "METHOD_CREATE",
						"label": "Create New Method",
						"callPath": []
					}
				]
			},
			{
				"label": "Add Component to Route",
				"actionId": "ADD_TO_ROUTE",
				"callPath": []
			}
		]
	},
	"level": "info",
	"message": "[CLI] Called Query entity/actions"
}
[info] [API] Response ok: entity/actions: {
	"result": {
		"context": {
			"parentClass": "EmployeeListComponent"
		},
		"children": [
			{
				"label": "Properties",
				"children": [
					{
						"label": "data$",
						"children": [
							{
								"actionId": "RXJS_CALL_EXPRESSIONS_MAP",
								"label": "Map Property",
								"callPath": [
									"data$"
								]
							},
							{
								"actionId": "RXJS_CALL_EXPRESSIONS_TAP",
								"label": "Property Side Effect",
								"callPath": [
									"data$"
								]
							}
						]
					},
					{
						"actionId": "ADD_FORM",
						"label": "Create Form Property",
						"callPath": []
					},
					{
						"actionId": "RXJS_PROPERTY_CREATE",
						"label": "Create Data Property",
						"callPath": []
					},
					{
						"actionId": "RXJS_PROPERTY_SUBJECT_CREATE",
						"label": "Create Subject Property",
						"callPath": []
					}
				]
			},
			{
				"label": "Inject",
				"actionId": "INJECT",
				"callPath": []
			},
			{
				"label": "Methods",
				"children": [
					{
						"actionId": "METHOD_CREATE",
						"label": "Create New Method",
						"callPath": []
					}
				]
			},
			{
				"label": "Add Component to Route",
				"actionId": "ADD_TO_ROUTE",
				"callPath": []
			}
		]
	},
	"level": "info",
	"message": "[API] Response ok: entity/actions"
}
[info] [API] Request for injectable/list: {
	"action": "injectable/list",
	"params": {
		"entityFilePath": "D:/Projekty/src/app/ui/employee-list/employee-list.component.ts"
	},
	"context": {
		"workspace": {
			"rootPath": "D:/Projekty"
		},
		"userContext": {
			"id": "u2TqzNHZRY",
			"correlationId": "68M5C8JdKE",
			"clickedPath": "D:/Projekty/src/app/ui/employee-list/employee-list.component.ts",
			"logEnvId": "development"
		}
	},
	"level": "info",
	"message": "[API] Request for injectable/list"
}
[info] [CLI] Calling Query injectable/list: {
	"funcParams": {
		"entityFilePath": "D:/Projekty/src/app/ui/employee-list/employee-list.component.ts"
	},
	"level": "info",
	"message": "[CLI] Calling Query injectable/list"
}
[info] [CLI] Called Query injectable/list: {
	"result": [
		{
			"file": "D:/Projekty/src/app/services/employee.service.ts",
			"name": "EmployeeService",
			"type": "ANGULAR_SERVICE",
			"dataType": "Internal"
		},
		{
			"id": "httpClient",
			"dataType": "External",
			"name": "HttpClient",
			"relatedTypes": {}
		},
		{
			"id": "activatedRoute",
			"dataType": "External",
			"name": "ActivatedRoute",
			"relatedTypes": {}
		}
	],
	"level": "info",
	"message": "[CLI] Called Query injectable/list"
}
[info] [API] Response ok: injectable/list: {
	"result": [
		{
			"file": "D:/Projekty/src/app/services/employee.service.ts",
			"name": "EmployeeService",
			"type": "ANGULAR_SERVICE",
			"dataType": "Internal"
		},
		{
			"id": "httpClient",
			"dataType": "External",
			"name": "HttpClient",
			"relatedTypes": {}
		},
		{
			"id": "activatedRoute",
			"dataType": "External",
			"name": "ActivatedRoute",
			"relatedTypes": {}
		}
	],
	"level": "info",
	"message": "[API] Response ok: injectable/list"
}
[info] [API] Request for injectable/inject: {
	"action": "injectable/inject",
	"params": {
		"entityFilePath": "D:/Projekty/src/app/ui/employee-list/employee-list.component.ts",
		"injectingPath": "D:/Projekty/src/app/services/employee.service.ts"
	},
	"context": {
		"workspace": {
			"rootPath": "D:/Projekty"
		},
		"userContext": {
			"id": "u2TqzNHZRY",
			"correlationId": "68M5C8JdKE",
			"clickedPath": "D:/Projekty/src/app/ui/employee-list/employee-list.component.ts",
			"logEnvId": "development"
		}
	},
	"level": "info",
	"message": "[API] Request for injectable/inject"
}
[info] [CLI] Calling Command injectable/inject: {
	"funcParams": {
		"entityFilePath": "D:/Projekty/src/app/ui/employee-list/employee-list.component.ts",
		"injectingPath": "D:/Projekty/src/app/services/employee.service.ts"
	},
	"level": "info",
	"message": "[CLI] Calling Command injectable/inject"
}
[info] [CommandBus]: Dispatching command INJECT_SERVICE_DEPENDENCY: {
	"commandName": "INJECT_SERVICE_DEPENDENCY",
	"payload": {
		"entityFilePath": "D:/Projekty/src/app/ui/employee-list/employee-list.component.ts",
		"injectingFilePath": "D:/Projekty/src/app/services/employee.service.ts"
	},
	"level": "info",
	"message": "[CommandBus]: Dispatching command INJECT_SERVICE_DEPENDENCY"
}
[info] [CommandBus]: Handled  INJECT_SERVICE_DEPENDENCY: {
	"commandName": "INJECT_SERVICE_DEPENDENCY",
	"payload": {
		"entityFilePath": "D:/Projekty/src/app/ui/employee-list/employee-list.component.ts",
		"injectingFilePath": "D:/Projekty/src/app/services/employee.service.ts"
	},
	"level": "info",
	"message": "[CommandBus]: Handled  INJECT_SERVICE_DEPENDENCY"
}
[info] [CLI] Called Command injectable/inject: {
	"message": "[CLI] Called Command injectable/inject",
	"level": "info"
}
[info] [API] Response ok: injectable/inject: {
	"result": {
		"filePath": "D:/Projekty/src/app/ui/employee-list/employee-list.component.ts"
	},
	"level": "info",
	"message": "[API] Response ok: injectable/inject"
}
[info] [API] Request for entity/actions: {
	"action": "entity/actions",
	"params": {
		"clickedPath": "D:/Projekty/src/app/ui/employees-faces/employees-faces.component.ts",
		"position": 611
	},
	"context": {
		"workspace": {
			"rootPath": "D:/Projekty"
		},
		"userContext": {
			"id": "u2TqzNHZRY",
			"correlationId": "dOtc468muQ",
			"clickedPath": "D:/Projekty/src/app/ui/employees-faces/employees-faces.component.ts",
			"logEnvId": "development"
		}
	},
	"level": "info",
	"message": "[API] Request for entity/actions"
}
[info] [CLI] Calling Query entity/actions: {
	"funcParams": {
		"clickedPath": "D:/Projekty/src/app/ui/employees-faces/employees-faces.component.ts",
		"position": 611
	},
	"level": "info",
	"message": "[CLI] Calling Query entity/actions"
}
[info] [CLI] Called Query entity/actions: {
	"result": {
		"context": {
			"parentClass": "EmployeesFacesComponent"
		},
		"children": [
			{
				"label": "Properties",
				"children": [
					{
						"label": "data$",
						"children": [
							{
								"actionId": "RXJS_CALL_EXPRESSIONS_MAP",
								"label": "Map Property",
								"callPath": [
									"data$"
								]
							},
							{
								"actionId": "RXJS_CALL_EXPRESSIONS_TAP",
								"label": "Property Side Effect",
								"callPath": [
									"data$"
								]
							}
						]
					},
					{
						"actionId": "ADD_FORM",
						"label": "Create Form Property",
						"callPath": []
					},
					{
						"actionId": "RXJS_PROPERTY_CREATE",
						"label": "Create Data Property",
						"callPath": []
					},
					{
						"actionId": "RXJS_PROPERTY_SUBJECT_CREATE",
						"label": "Create Subject Property",
						"callPath": []
					}
				]
			},
			{
				"label": "Inject",
				"actionId": "INJECT",
				"callPath": []
			},
			{
				"label": "Methods",
				"children": [
					{
						"actionId": "METHOD_CREATE",
						"label": "Create New Method",
						"callPath": []
					}
				]
			},
			{
				"label": "Add Component to Route",
				"actionId": "ADD_TO_ROUTE",
				"callPath": []
			}
		]
	},
	"level": "info",
	"message": "[CLI] Called Query entity/actions"
}
[info] [API] Response ok: entity/actions: {
	"result": {
		"context": {
			"parentClass": "EmployeesFacesComponent"
		},
		"children": [
			{
				"label": "Properties",
				"children": [
					{
						"label": "data$",
						"children": [
							{
								"actionId": "RXJS_CALL_EXPRESSIONS_MAP",
								"label": "Map Property",
								"callPath": [
									"data$"
								]
							},
							{
								"actionId": "RXJS_CALL_EXPRESSIONS_TAP",
								"label": "Property Side Effect",
								"callPath": [
									"data$"
								]
							}
						]
					},
					{
						"actionId": "ADD_FORM",
						"label": "Create Form Property",
						"callPath": []
					},
					{
						"actionId": "RXJS_PROPERTY_CREATE",
						"label": "Create Data Property",
						"callPath": []
					},
					{
						"actionId": "RXJS_PROPERTY_SUBJECT_CREATE",
						"label": "Create Subject Property",
						"callPath": []
					}
				]
			},
			{
				"label": "Inject",
				"actionId": "INJECT",
				"callPath": []
			},
			{
				"label": "Methods",
				"children": [
					{
						"actionId": "METHOD_CREATE",
						"label": "Create New Method",
						"callPath": []
					}
				]
			},
			{
				"label": "Add Component to Route",
				"actionId": "ADD_TO_ROUTE",
				"callPath": []
			}
		]
	},
	"level": "info",
	"message": "[API] Response ok: entity/actions"
}
[info] [API] Request for injectable/list: {
	"action": "injectable/list",
	"params": {
		"entityFilePath": "D:/Projekty/src/app/ui/employees-faces/employees-faces.component.ts"
	},
	"context": {
		"workspace": {
			"rootPath": "D:/Projekty"
		},
		"userContext": {
			"id": "u2TqzNHZRY",
			"correlationId": "dOtc468muQ",
			"clickedPath": "D:/Projekty/src/app/ui/employees-faces/employees-faces.component.ts",
			"logEnvId": "development"
		}
	},
	"level": "info",
	"message": "[API] Request for injectable/list"
}
[info] [CLI] Calling Query injectable/list: {
	"funcParams": {
		"entityFilePath": "D:/Projekty/src/app/ui/employees-faces/employees-faces.component.ts"
	},
	"level": "info",
	"message": "[CLI] Calling Query injectable/list"
}
[info] [CLI] Called Query injectable/list: {
	"result": [
		{
			"file": "D:/Projekty/src/app/services/employee.service.ts",
			"name": "EmployeeService",
			"type": "ANGULAR_SERVICE",
			"dataType": "Internal"
		},
		{
			"id": "httpClient",
			"dataType": "External",
			"name": "HttpClient",
			"relatedTypes": {}
		},
		{
			"id": "activatedRoute",
			"dataType": "External",
			"name": "ActivatedRoute",
			"relatedTypes": {}
		}
	],
	"level": "info",
	"message": "[CLI] Called Query injectable/list"
}
[info] [API] Response ok: injectable/list: {
	"result": [
		{
			"file": "D:/Projekty/src/app/services/employee.service.ts",
			"name": "EmployeeService",
			"type": "ANGULAR_SERVICE",
			"dataType": "Internal"
		},
		{
			"id": "httpClient",
			"dataType": "External",
			"name": "HttpClient",
			"relatedTypes": {}
		},
		{
			"id": "activatedRoute",
			"dataType": "External",
			"name": "ActivatedRoute",
			"relatedTypes": {}
		}
	],
	"level": "info",
	"message": "[API] Response ok: injectable/list"
}
[info] [API] Request for injectable/inject: {
	"action": "injectable/inject",
	"params": {
		"entityFilePath": "D:/Projekty/src/app/ui/employees-faces/employees-faces.component.ts",
		"injectingPath": "D:/Projekty/src/app/services/employee.service.ts"
	},
	"context": {
		"workspace": {
			"rootPath": "D:/Projekty"
		},
		"userContext": {
			"id": "u2TqzNHZRY",
			"correlationId": "dOtc468muQ",
			"clickedPath": "D:/Projekty/src/app/ui/employees-faces/employees-faces.component.ts",
			"logEnvId": "development"
		}
	},
	"level": "info",
	"message": "[API] Request for injectable/inject"
}
[info] [CLI] Calling Command injectable/inject: {
	"funcParams": {
		"entityFilePath": "D:/Projekty/src/app/ui/employees-faces/employees-faces.component.ts",
		"injectingPath": "D:/Projekty/src/app/services/employee.service.ts"
	},
	"level": "info",
	"message": "[CLI] Calling Command injectable/inject"
}
[info] [CommandBus]: Dispatching command INJECT_SERVICE_DEPENDENCY: {
	"commandName": "INJECT_SERVICE_DEPENDENCY",
	"payload": {
		"entityFilePath": "D:/Projekty/src/app/ui/employees-faces/employees-faces.component.ts",
		"injectingFilePath": "D:/Projekty/src/app/services/employee.service.ts"
	},
	"level": "info",
	"message": "[CommandBus]: Dispatching command INJECT_SERVICE_DEPENDENCY"
}
[info] [CommandBus]: Handled  INJECT_SERVICE_DEPENDENCY: {
	"commandName": "INJECT_SERVICE_DEPENDENCY",
	"payload": {
		"entityFilePath": "D:/Projekty/src/app/ui/employees-faces/employees-faces.component.ts",
		"injectingFilePath": "D:/Projekty/src/app/services/employee.service.ts"
	},
	"level": "info",
	"message": "[CommandBus]: Handled  INJECT_SERVICE_DEPENDENCY"
}
[info] [CLI] Called Command injectable/inject: {
	"message": "[CLI] Called Command injectable/inject",
	"level": "info"
}
[info] [API] Response ok: injectable/inject: {
	"result": {
		"filePath": "D:/Projekty/src/app/ui/employees-faces/employees-faces.component.ts"
	},
	"level": "info",
	"message": "[API] Response ok: injectable/inject"
}
